::1 - - [14/May/2020:15:22:49 +0000] "POST / HTTP/1.1" 404 140 "http://localhost:3000/signup" "Mozilla/5.0 (Windows NT 10.0; Win64; x64) AppleWebKit/537.36 (KHTML, like Gecko) Chrome/81.0.4044.138 Safari/537.36"
::1 - - [14/May/2020:15:25:01 +0000] "POST / HTTP/1.1" 404 140 "http://localhost:3000/signup" "Mozilla/5.0 (Windows NT 10.0; Win64; x64) AppleWebKit/537.36 (KHTML, like Gecko) Chrome/81.0.4044.138 Safari/537.36"
::1 - - [14/May/2020:15:25:04 +0000] "POST / HTTP/1.1" 404 140 "http://localhost:3000/signup" "Mozilla/5.0 (Windows NT 10.0; Win64; x64) AppleWebKit/537.36 (KHTML, like Gecko) Chrome/81.0.4044.138 Safari/537.36"
::1 - - [14/May/2020:15:25:06 +0000] "POST / HTTP/1.1" 404 140 "http://localhost:3000/signup" "Mozilla/5.0 (Windows NT 10.0; Win64; x64) AppleWebKit/537.36 (KHTML, like Gecko) Chrome/81.0.4044.138 Safari/537.36"
::1 - - [14/May/2020:15:25:07 +0000] "POST / HTTP/1.1" 404 140 "http://localhost:3000/signup" "Mozilla/5.0 (Windows NT 10.0; Win64; x64) AppleWebKit/537.36 (KHTML, like Gecko) Chrome/81.0.4044.138 Safari/537.36"
::1 - - [14/May/2020:15:25:09 +0000] "POST / HTTP/1.1" 404 140 "http://localhost:3000/signup" "Mozilla/5.0 (Windows NT 10.0; Win64; x64) AppleWebKit/537.36 (KHTML, like Gecko) Chrome/81.0.4044.138 Safari/537.36"
::1 - - [14/May/2020:15:33:54 +0000] "POST /doctor/create HTTP/1.1" 404 153 "http://localhost:3000/signup" "Mozilla/5.0 (Windows NT 10.0; Win64; x64) AppleWebKit/537.36 (KHTML, like Gecko) Chrome/81.0.4044.138 Safari/537.36"
::1 - - [14/May/2020:15:34:53 +0000] "POST /api/doctor/create HTTP/1.1" 400 1490 "http://localhost:3000/signup" "Mozilla/5.0 (Windows NT 10.0; Win64; x64) AppleWebKit/537.36 (KHTML, like Gecko) Chrome/81.0.4044.138 Safari/537.36"
::1 - - [14/May/2020:15:35:53 +0000] "POST /api/doctor/create HTTP/1.1" 400 1490 "http://localhost:3000/signup" "Mozilla/5.0 (Windows NT 10.0; Win64; x64) AppleWebKit/537.36 (KHTML, like Gecko) Chrome/81.0.4044.138 Safari/537.36"
::1 - - [14/May/2020:15:36:23 +0000] "POST /api/doctor/create HTTP/1.1" 400 1392 "http://localhost:3000/signup" "Mozilla/5.0 (Windows NT 10.0; Win64; x64) AppleWebKit/537.36 (KHTML, like Gecko) Chrome/81.0.4044.138 Safari/537.36"
::1 - - [14/May/2020:15:38:51 +0000] "POST /api/doctor/create HTTP/1.1" 400 1392 "http://localhost:3000/signup" "Mozilla/5.0 (Windows NT 10.0; Win64; x64) AppleWebKit/537.36 (KHTML, like Gecko) Chrome/81.0.4044.138 Safari/537.36"
::1 - - [14/May/2020:15:38:59 +0000] "POST /api/doctor/create HTTP/1.1" 400 1392 "http://localhost:3000/signup" "Mozilla/5.0 (Windows NT 10.0; Win64; x64) AppleWebKit/537.36 (KHTML, like Gecko) Chrome/81.0.4044.138 Safari/537.36"
::1 - - [14/May/2020:15:39:34 +0000] "POST /api/doctor/create HTTP/1.1" 400 1153 "http://localhost:3000/signup" "Mozilla/5.0 (Windows NT 10.0; Win64; x64) AppleWebKit/537.36 (KHTML, like Gecko) Chrome/81.0.4044.138 Safari/537.36"
::1 - - [14/May/2020:15:45:48 +0000] "POST /api/doctor/create HTTP/1.1" 400 1153 "http://localhost:3000/signup" "Mozilla/5.0 (Windows NT 10.0; Win64; x64) AppleWebKit/537.36 (KHTML, like Gecko) Chrome/81.0.4044.138 Safari/537.36"
::1 - - [14/May/2020:15:48:48 +0000] "POST /api/doctor/create HTTP/1.1" 400 1153 "http://localhost:3000/signup" "Mozilla/5.0 (Windows NT 10.0; Win64; x64) AppleWebKit/537.36 (KHTML, like Gecko) Chrome/81.0.4044.138 Safari/537.36"
::1 - - [14/May/2020:15:49:58 +0000] "POST /api/doctor/create HTTP/1.1" 400 1153 "http://localhost:3000/signup" "Mozilla/5.0 (Windows NT 10.0; Win64; x64) AppleWebKit/537.36 (KHTML, like Gecko) Chrome/81.0.4044.138 Safari/537.36"
::1 - - [14/May/2020:15:51:54 +0000] "POST /api/doctor/create HTTP/1.1" 400 644 "http://localhost:3000/signup" "Mozilla/5.0 (Windows NT 10.0; Win64; x64) AppleWebKit/537.36 (KHTML, like Gecko) Chrome/81.0.4044.138 Safari/537.36"
::1 - - [14/May/2020:15:52:36 +0000] "POST /api/doctor/create HTTP/1.1" 400 644 "http://localhost:3000/signup" "Mozilla/5.0 (Windows NT 10.0; Win64; x64) AppleWebKit/537.36 (KHTML, like Gecko) Chrome/81.0.4044.138 Safari/537.36"
::1 - - [14/May/2020:15:53:09 +0000] "POST /api/doctor/create HTTP/1.1" 200 248 "http://localhost:3000/signup" "Mozilla/5.0 (Windows NT 10.0; Win64; x64) AppleWebKit/537.36 (KHTML, like Gecko) Chrome/81.0.4044.138 Safari/537.36"
::1 - - [14/May/2020:16:04:35 +0000] "POST /api/doctor/create HTTP/1.1" 200 248 "http://localhost:3000/signup" "Mozilla/5.0 (Windows NT 10.0; Win64; x64) AppleWebKit/537.36 (KHTML, like Gecko) Chrome/81.0.4044.138 Safari/537.36"
::1 - - [14/May/2020:16:12:12 +0000] "POST /api/doctor/create HTTP/1.1" 200 248 "http://localhost:3000/signup" "Mozilla/5.0 (Windows NT 10.0; Win64; x64) AppleWebKit/537.36 (KHTML, like Gecko) Chrome/81.0.4044.138 Safari/537.36"
::1 - - [14/May/2020:16:15:28 +0000] "POST /api/doctor/create HTTP/1.1" 200 248 "http://localhost:3000/signup" "Mozilla/5.0 (Windows NT 10.0; Win64; x64) AppleWebKit/537.36 (KHTML, like Gecko) Chrome/81.0.4044.138 Safari/537.36"
::1 - - [14/May/2020:16:34:44 +0000] "POST /api/doctor/create HTTP/1.1" 200 248 "http://localhost:3000/signup" "Mozilla/5.0 (Windows NT 10.0; Win64; x64) AppleWebKit/537.36 (KHTML, like Gecko) Chrome/81.0.4044.138 Safari/537.36"
::1 - - [14/May/2020:16:35:29 +0000] "POST /api/doctor/create HTTP/1.1" 200 248 "http://localhost:3000/signup" "Mozilla/5.0 (Windows NT 10.0; Win64; x64) AppleWebKit/537.36 (KHTML, like Gecko) Chrome/81.0.4044.138 Safari/537.36"
::1 - - [14/May/2020:18:02:38 +0000] "POST /api/doctor/create HTTP/1.1" 200 248 "http://localhost:3000/signup" "Mozilla/5.0 (Windows NT 10.0; Win64; x64) AppleWebKit/537.36 (KHTML, like Gecko) Chrome/81.0.4044.138 Safari/537.36"
::1 - - [14/May/2020:18:11:44 +0000] "POST /api/doctor/create HTTP/1.1" 200 248 "http://localhost:3000/signup" "Mozilla/5.0 (Windows NT 10.0; Win64; x64) AppleWebKit/537.36 (KHTML, like Gecko) Chrome/81.0.4044.138 Safari/537.36"
::1 - - [14/May/2020:18:21:11 +0000] "POST /api/doctor/create HTTP/1.1" 200 248 "http://localhost:3000/signup" "Mozilla/5.0 (Windows NT 10.0; Win64; x64) AppleWebKit/537.36 (KHTML, like Gecko) Chrome/81.0.4044.138 Safari/537.36"
::1 - - [14/May/2020:21:39:19 +0000] "POST /api/patient/create HTTP/1.1" 404 158 "http://localhost:3000/auth/signup/patient" "Mozilla/5.0 (Windows NT 10.0; Win64; x64) AppleWebKit/537.36 (KHTML, like Gecko) Chrome/81.0.4044.138 Safari/537.36"
::1 - - [14/May/2020:21:39:53 +0000] "POST /api/patients/create HTTP/1.1" 400 353 "http://localhost:3000/auth/signup/patient" "Mozilla/5.0 (Windows NT 10.0; Win64; x64) AppleWebKit/537.36 (KHTML, like Gecko) Chrome/81.0.4044.138 Safari/537.36"
::1 - - [14/May/2020:21:40:44 +0000] "POST /api/patients/create HTTP/1.1" 200 248 "http://localhost:3000/auth/signup/patient" "Mozilla/5.0 (Windows NT 10.0; Win64; x64) AppleWebKit/537.36 (KHTML, like Gecko) Chrome/81.0.4044.138 Safari/537.36"
::1 - - [14/May/2020:21:41:53 +0000] "POST /api/patients/create HTTP/1.1" 400 212 "http://localhost:3000/auth/signup/patient" "Mozilla/5.0 (Windows NT 10.0; Win64; x64) AppleWebKit/537.36 (KHTML, like Gecko) Chrome/81.0.4044.138 Safari/537.36"
::1 - - [14/May/2020:21:42:30 +0000] "POST /api/patients/create HTTP/1.1" 400 212 "http://localhost:3000/auth/signup/patient" "Mozilla/5.0 (Windows NT 10.0; Win64; x64) AppleWebKit/537.36 (KHTML, like Gecko) Chrome/81.0.4044.138 Safari/537.36"
::1 - - [14/May/2020:21:42:53 +0000] "POST /api/patients/create HTTP/1.1" 400 212 "http://localhost:3000/auth/signup/patient" "Mozilla/5.0 (Windows NT 10.0; Win64; x64) AppleWebKit/537.36 (KHTML, like Gecko) Chrome/81.0.4044.138 Safari/537.36"
::1 - - [14/May/2020:21:43:59 +0000] "POST /api/patients/create HTTP/1.1" 400 212 "http://localhost:3000/auth/signup/patient" "Mozilla/5.0 (Windows NT 10.0; Win64; x64) AppleWebKit/537.36 (KHTML, like Gecko) Chrome/81.0.4044.138 Safari/537.36"
::1 - - [14/May/2020:21:45:16 +0000] "POST /api/patients/create HTTP/1.1" 200 248 "http://localhost:3000/auth/signup/patient" "Mozilla/5.0 (Windows NT 10.0; Win64; x64) AppleWebKit/537.36 (KHTML, like Gecko) Chrome/81.0.4044.138 Safari/537.36"
::1 - - [14/May/2020:21:45:29 +0000] "POST /api/patients/create HTTP/1.1" 200 251 "http://localhost:3000/auth/signup/patient" "Mozilla/5.0 (Windows NT 10.0; Win64; x64) AppleWebKit/537.36 (KHTML, like Gecko) Chrome/81.0.4044.138 Safari/537.36"
::1 - - [14/May/2020:22:07:44 +0000] "POST /api/patients/create HTTP/1.1" 400 636 "http://localhost:3000/auth/signup/patient" "Mozilla/5.0 (Windows NT 10.0; Win64; x64) AppleWebKit/537.36 (KHTML, like Gecko) Chrome/81.0.4044.138 Safari/537.36"
::1 - - [14/May/2020:22:08:07 +0000] "POST /api/patients/create HTTP/1.1" 200 251 "http://localhost:3000/auth/signup/patient" "Mozilla/5.0 (Windows NT 10.0; Win64; x64) AppleWebKit/537.36 (KHTML, like Gecko) Chrome/81.0.4044.138 Safari/537.36"
::1 - - [14/May/2020:22:22:02 +0000] "POST /api/patients/create HTTP/1.1" 200 252 "http://localhost:3000/auth/signup/patient" "Mozilla/5.0 (Windows NT 10.0; Win64; x64) AppleWebKit/537.36 (KHTML, like Gecko) Chrome/81.0.4044.138 Safari/537.36"
::1 - - [14/May/2020:22:22:58 +0000] "POST /api/patients/create HTTP/1.1" 200 254 "http://localhost:3000/auth/signup/patient" "Mozilla/5.0 (Windows NT 10.0; Win64; x64) AppleWebKit/537.36 (KHTML, like Gecko) Chrome/81.0.4044.138 Safari/537.36"
::1 - - [14/May/2020:22:30:06 +0000] "POST /api/patients/create HTTP/1.1" 200 328 "http://localhost:3000/auth/signup/patient" "Mozilla/5.0 (Windows NT 10.0; Win64; x64) AppleWebKit/537.36 (KHTML, like Gecko) Chrome/81.0.4044.138 Safari/537.36"
::1 - - [14/May/2020:22:30:07 +0000] "GET /api/patients/create HTTP/1.1" 404 158 "-" "Mozilla/5.0 (Windows NT 10.0; Win64; x64) AppleWebKit/537.36 (KHTML, like Gecko) Chrome/81.0.4044.138 Safari/537.36"
::1 - - [14/May/2020:22:46:50 +0000] "POST /api/patients/create HTTP/1.1" 200 325 "http://localhost:3000/auth/signup/patient" "Mozilla/5.0 (Windows NT 10.0; Win64; x64) AppleWebKit/537.36 (KHTML, like Gecko) Chrome/81.0.4044.138 Safari/537.36"
::1 - - [14/May/2020:22:48:35 +0000] "POST /api/doctor/create HTTP/1.1" 200 248 "http://localhost:3000/auth/signup/doctor" "Mozilla/5.0 (Windows NT 10.0; Win64; x64) AppleWebKit/537.36 (KHTML, like Gecko) Chrome/81.0.4044.138 Safari/537.36"
::1 - - [15/May/2020:14:22:53 +0000] "POST /api/doctor/create HTTP/1.1" 200 248 "http://localhost:3000/auth/signup/doctor" "Mozilla/5.0 (Windows NT 10.0; Win64; x64) AppleWebKit/537.36 (KHTML, like Gecko) Chrome/81.0.4044.138 Safari/537.36"
::1 - - [15/May/2020:14:24:17 +0000] "POST /api/doctor/create HTTP/1.1" 200 271 "http://localhost:3000/success" "Mozilla/5.0 (Windows NT 10.0; Win64; x64) AppleWebKit/537.36 (KHTML, like Gecko) Chrome/81.0.4044.138 Safari/537.36"
::1 - - [15/May/2020:14:24:26 +0000] "POST /api/doctor/create HTTP/1.1" 200 271 "http://localhost:3000/success" "Mozilla/5.0 (Windows NT 10.0; Win64; x64) AppleWebKit/537.36 (KHTML, like Gecko) Chrome/81.0.4044.138 Safari/537.36"
::1 - - [15/May/2020:14:24:45 +0000] "POST /api/doctor/create HTTP/1.1" 200 269 "http://localhost:3000/success" "Mozilla/5.0 (Windows NT 10.0; Win64; x64) AppleWebKit/537.36 (KHTML, like Gecko) Chrome/81.0.4044.138 Safari/537.36"
::1 - - [15/May/2020:14:25:53 +0000] "POST /api/doctor/create HTTP/1.1" 200 269 "http://localhost:3000/success" "Mozilla/5.0 (Windows NT 10.0; Win64; x64) AppleWebKit/537.36 (KHTML, like Gecko) Chrome/81.0.4044.138 Safari/537.36"
::1 - - [15/May/2020:14:26:00 +0000] "POST /api/doctor/create HTTP/1.1" 200 269 "http://localhost:3000/success" "Mozilla/5.0 (Windows NT 10.0; Win64; x64) AppleWebKit/537.36 (KHTML, like Gecko) Chrome/81.0.4044.138 Safari/537.36"
::1 - - [15/May/2020:14:27:47 +0000] "POST /api/doctor/create HTTP/1.1" 200 265 "http://localhost:3000/auth/signup/doctor/" "Mozilla/5.0 (Windows NT 10.0; Win64; x64) AppleWebKit/537.36 (KHTML, like Gecko) Chrome/81.0.4044.138 Safari/537.36"
::1 - - [15/May/2020:14:28:04 +0000] "POST /api/doctor/create HTTP/1.1" 200 265 "http://localhost:3000/success" "Mozilla/5.0 (Windows NT 10.0; Win64; x64) AppleWebKit/537.36 (KHTML, like Gecko) Chrome/81.0.4044.138 Safari/537.36"
::1 - - [15/May/2020:14:30:21 +0000] "POST /api/doctor/create HTTP/1.1" 200 265 "http://localhost:3000/success" "Mozilla/5.0 (Windows NT 10.0; Win64; x64) AppleWebKit/537.36 (KHTML, like Gecko) Chrome/81.0.4044.138 Safari/537.36"
::1 - - [15/May/2020:14:30:31 +0000] "POST /api/doctor/create HTTP/1.1" 200 265 "http://localhost:3000/success" "Mozilla/5.0 (Windows NT 10.0; Win64; x64) AppleWebKit/537.36 (KHTML, like Gecko) Chrome/81.0.4044.138 Safari/537.36"
::1 - - [15/May/2020:14:31:11 +0000] "POST /api/patients/create HTTP/1.1" 404 159 "http://localhost:3000/auth/signup/patient" "Mozilla/5.0 (Windows NT 10.0; Win64; x64) AppleWebKit/537.36 (KHTML, like Gecko) Chrome/81.0.4044.138 Safari/537.36"
::1 - - [15/May/2020:14:31:50 +0000] "POST /api/patients/create HTTP/1.1" 404 159 "http://localhost:3000/auth/signup/patient" "Mozilla/5.0 (Windows NT 10.0; Win64; x64) AppleWebKit/537.36 (KHTML, like Gecko) Chrome/81.0.4044.138 Safari/537.36"
::1 - - [15/May/2020:14:32:07 +0000] "POST /api/patient/create HTTP/1.1" 200 248 "http://localhost:3000/auth/signup/patient" "Mozilla/5.0 (Windows NT 10.0; Win64; x64) AppleWebKit/537.36 (KHTML, like Gecko) Chrome/81.0.4044.138 Safari/537.36"
::1 - - [15/May/2020:14:32:16 +0000] "POST /api/patient/create HTTP/1.1" 200 248 "http://localhost:3000/auth/signin/patient" "Mozilla/5.0 (Windows NT 10.0; Win64; x64) AppleWebKit/537.36 (KHTML, like Gecko) Chrome/81.0.4044.138 Safari/537.36"
::1 - - [15/May/2020:14:32:52 +0000] "POST /api/patient/create HTTP/1.1" 200 248 "http://localhost:3000/auth/signup/patient" "Mozilla/5.0 (Windows NT 10.0; Win64; x64) AppleWebKit/537.36 (KHTML, like Gecko) Chrome/81.0.4044.138 Safari/537.36"
::1 - - [15/May/2020:14:34:00 +0000] "POST /api/patient/create HTTP/1.1" 200 248 "http://localhost:3000/auth/signin/patient" "Mozilla/5.0 (Windows NT 10.0; Win64; x64) AppleWebKit/537.36 (KHTML, like Gecko) Chrome/81.0.4044.138 Safari/537.36"
::1 - - [15/May/2020:14:38:48 +0000] "POST /api/patient/create HTTP/1.1" 200 248 "http://localhost:3000/auth/signin/patient" "Mozilla/5.0 (Windows NT 10.0; Win64; x64) AppleWebKit/537.36 (KHTML, like Gecko) Chrome/81.0.4044.138 Safari/537.36"
::1 - - [15/May/2020:14:38:50 +0000] "POST /api/patient/create HTTP/1.1" 200 248 "http://localhost:3000/auth/signin/patient" "Mozilla/5.0 (Windows NT 10.0; Win64; x64) AppleWebKit/537.36 (KHTML, like Gecko) Chrome/81.0.4044.138 Safari/537.36"
::1 - - [15/May/2020:14:39:43 +0000] "POST /api/patient/create HTTP/1.1" 400 636 "http://localhost:3000/auth/signup/patient" "Mozilla/5.0 (Windows NT 10.0; Win64; x64) AppleWebKit/537.36 (KHTML, like Gecko) Chrome/81.0.4044.138 Safari/537.36"
::1 - - [15/May/2020:14:41:21 +0000] "POST /api/patient/create HTTP/1.1" 200 246 "http://localhost:3000/auth/signup/patient" "Mozilla/5.0 (Windows NT 10.0; Win64; x64) AppleWebKit/537.36 (KHTML, like Gecko) Chrome/81.0.4044.138 Safari/537.36"
::1 - - [15/May/2020:14:41:37 +0000] "POST /api/patient/create HTTP/1.1" 400 236 "http://localhost:3000/auth/signup/patient" "Mozilla/5.0 (Windows NT 10.0; Win64; x64) AppleWebKit/537.36 (KHTML, like Gecko) Chrome/81.0.4044.138 Safari/537.36"
::1 - - [15/May/2020:14:42:17 +0000] "POST /api/patient/create HTTP/1.1" 400 236 "http://localhost:3000/auth/signup/patient" "Mozilla/5.0 (Windows NT 10.0; Win64; x64) AppleWebKit/537.36 (KHTML, like Gecko) Chrome/81.0.4044.138 Safari/537.36"
::1 - - [15/May/2020:14:42:25 +0000] "POST /api/patient/create HTTP/1.1" 400 236 "http://localhost:3000/auth/signup/patient" "Mozilla/5.0 (Windows NT 10.0; Win64; x64) AppleWebKit/537.36 (KHTML, like Gecko) Chrome/81.0.4044.138 Safari/537.36"
::1 - - [15/May/2020:14:42:47 +0000] "POST /api/patient/create HTTP/1.1" 400 236 "http://localhost:3000/auth/signup/patient" "Mozilla/5.0 (Windows NT 10.0; Win64; x64) AppleWebKit/537.36 (KHTML, like Gecko) Chrome/81.0.4044.138 Safari/537.36"
::1 - - [15/May/2020:14:44:41 +0000] "POST /api/patient/create HTTP/1.1" 200 248 "http://localhost:3000/auth/signup/patient" "Mozilla/5.0 (Windows NT 10.0; Win64; x64) AppleWebKit/537.36 (KHTML, like Gecko) Chrome/81.0.4044.138 Safari/537.36"
::1 - - [15/May/2020:14:44:46 +0000] "POST /api/patient/create HTTP/1.1" 400 240 "http://localhost:3000/auth/signin/patient" "Mozilla/5.0 (Windows NT 10.0; Win64; x64) AppleWebKit/537.36 (KHTML, like Gecko) Chrome/81.0.4044.138 Safari/537.36"
::1 - - [15/May/2020:14:45:10 +0000] "POST /api/doctor/create HTTP/1.1" 200 267 "http://localhost:3000/auth/signup/doctor" "Mozilla/5.0 (Windows NT 10.0; Win64; x64) AppleWebKit/537.36 (KHTML, like Gecko) Chrome/81.0.4044.138 Safari/537.36"
::1 - - [15/May/2020:14:45:14 +0000] "POST /api/doctor/create HTTP/1.1" 400 243 "http://localhost:3000/success" "Mozilla/5.0 (Windows NT 10.0; Win64; x64) AppleWebKit/537.36 (KHTML, like Gecko) Chrome/81.0.4044.138 Safari/537.36"
::1 - - [15/May/2020:14:46:34 +0000] "POST /api/doctor/create HTTP/1.1" 500 1714 "http://localhost:3000/success" "Mozilla/5.0 (Windows NT 10.0; Win64; x64) AppleWebKit/537.36 (KHTML, like Gecko) Chrome/81.0.4044.138 Safari/537.36"
::1 - - [15/May/2020:14:52:12 +0000] "POST /api/doctor/create HTTP/1.1" 400 243 "http://localhost:3000/auth/signup/doctor" "Mozilla/5.0 (Windows NT 10.0; Win64; x64) AppleWebKit/537.36 (KHTML, like Gecko) Chrome/81.0.4044.138 Safari/537.36"
::1 - - [15/May/2020:14:52:47 +0000] "POST /api/patient/create HTTP/1.1" 400 240 "http://localhost:3000/auth/signup/patient" "Mozilla/5.0 (Windows NT 10.0; Win64; x64) AppleWebKit/537.36 (KHTML, like Gecko) Chrome/81.0.4044.138 Safari/537.36"
::1 - - [15/May/2020:15:29:34 +0000] "POST /api/patient/create HTTP/1.1" 200 2 "http://localhost:3000/auth/signup/patient" "Mozilla/5.0 (Windows NT 10.0; Win64; x64) AppleWebKit/537.36 (KHTML, like Gecko) Chrome/81.0.4044.138 Safari/537.36"
::1 - - [15/May/2020:15:30:34 +0000] "POST /api/patient/create HTTP/1.1" 200 2 "http://localhost:3000/auth/signup/patient" "Mozilla/5.0 (Windows NT 10.0; Win64; x64) AppleWebKit/537.36 (KHTML, like Gecko) Chrome/81.0.4044.138 Safari/537.36"
::1 - - [15/May/2020:15:32:31 +0000] "POST /api/patient/create HTTP/1.1" 200 2 "http://localhost:3000/auth/signup/patient" "Mozilla/5.0 (Windows NT 10.0; Win64; x64) AppleWebKit/537.36 (KHTML, like Gecko) Chrome/81.0.4044.138 Safari/537.36"
::1 - - [15/May/2020:15:34:58 +0000] "POST /api/patient/create HTTP/1.1" 200 2 "http://localhost:3000/auth/signup/patient" "Mozilla/5.0 (Windows NT 10.0; Win64; x64) AppleWebKit/537.36 (KHTML, like Gecko) Chrome/81.0.4044.138 Safari/537.36"
::1 - - [15/May/2020:15:36:01 +0000] "POST /api/patient/create HTTP/1.1" 200 2 "http://localhost:3000/auth/signup/patient" "Mozilla/5.0 (Windows NT 10.0; Win64; x64) AppleWebKit/537.36 (KHTML, like Gecko) Chrome/81.0.4044.138 Safari/537.36"
::1 - - [15/May/2020:15:36:31 +0000] "POST /api/patient/create HTTP/1.1" 200 2 "http://localhost:3000/auth/signup/patient" "Mozilla/5.0 (Windows NT 10.0; Win64; x64) AppleWebKit/537.36 (KHTML, like Gecko) Chrome/81.0.4044.138 Safari/537.36"
::1 - - [15/May/2020:15:37:14 +0000] "POST /api/patient/create HTTP/1.1" 200 2 "http://localhost:3000/auth/signup/patient" "Mozilla/5.0 (Windows NT 10.0; Win64; x64) AppleWebKit/537.36 (KHTML, like Gecko) Chrome/81.0.4044.138 Safari/537.36"
::1 - - [15/May/2020:15:38:46 +0000] "POST /api/patient/create HTTP/1.1" 400 2 "http://localhost:3000/auth/signup/patient" "Mozilla/5.0 (Windows NT 10.0; Win64; x64) AppleWebKit/537.36 (KHTML, like Gecko) Chrome/81.0.4044.138 Safari/537.36"
::1 - - [15/May/2020:15:39:46 +0000] "POST /api/patient/create HTTP/1.1" 400 1766 "http://localhost:3000/auth/signup/patient" "Mozilla/5.0 (Windows NT 10.0; Win64; x64) AppleWebKit/537.36 (KHTML, like Gecko) Chrome/81.0.4044.138 Safari/537.36"
::1 - - [15/May/2020:15:40:33 +0000] "POST /api/patient/create HTTP/1.1" 200 284 "http://localhost:3000/auth/signup/patient" "Mozilla/5.0 (Windows NT 10.0; Win64; x64) AppleWebKit/537.36 (KHTML, like Gecko) Chrome/81.0.4044.138 Safari/537.36"
::1 - - [15/May/2020:15:41:41 +0000] "POST /api/patient/create HTTP/1.1" 400 268 "http://localhost:3000/auth/signup/patient" "Mozilla/5.0 (Windows NT 10.0; Win64; x64) AppleWebKit/537.36 (KHTML, like Gecko) Chrome/81.0.4044.138 Safari/537.36"
::1 - - [15/May/2020:16:49:20 +0000] "POST /api/doctor/create HTTP/1.1" 200 267 "http://localhost:3000/auth/signup/doctor" "Mozilla/5.0 (Windows NT 10.0; Win64; x64) AppleWebKit/537.36 (KHTML, like Gecko) Chrome/81.0.4044.138 Safari/537.36"
::1 - - [15/May/2020:16:52:50 +0000] "POST /api/patient/create HTTP/1.1" 200 284 "http://localhost:3000/auth/signup/patient" "Mozilla/5.0 (Windows NT 10.0; Win64; x64) AppleWebKit/537.36 (KHTML, like Gecko) Chrome/81.0.4044.138 Safari/537.36"
