::1 - - [19/May/2020:18:24:22 +0000] "POST /api/doctor/create HTTP/1.1" 400 265 "http://localhost:3000/auth/signup/doctor" "Mozilla/5.0 (Windows NT 10.0; Win64; x64) AppleWebKit/537.36 (KHTML, like Gecko) Chrome/81.0.4044.138 Safari/537.36"
::1 - - [19/May/2020:18:24:48 +0000] "POST /api/doctor/create HTTP/1.1" 400 241 "http://localhost:3000/auth/signup/doctor" "Mozilla/5.0 (Windows NT 10.0; Win64; x64) AppleWebKit/537.36 (KHTML, like Gecko) Chrome/81.0.4044.138 Safari/537.36"
::ffff:127.0.0.1 - - [19/May/2020:18:43:37 +0000] "GET /medicine/create HTTP/1.1" 404 154 "-" "vscode-restclient"
::ffff:127.0.0.1 - - [19/May/2020:18:43:39 +0000] "GET /medicine/create HTTP/1.1" 404 154 "-" "vscode-restclient"
::ffff:127.0.0.1 - - [19/May/2020:18:43:54 +0000] "GET /api/medicine/create HTTP/1.1" 404 158 "-" "vscode-restclient"
::ffff:127.0.0.1 - - [19/May/2020:18:43:56 +0000] "GET /api/medicine/create HTTP/1.1" 404 158 "-" "vscode-restclient"
::ffff:127.0.0.1 - - [19/May/2020:18:43:57 +0000] "GET /api/medicine/create HTTP/1.1" 404 158 "-" "vscode-restclient"
::ffff:127.0.0.1 - - [19/May/2020:18:43:59 +0000] "GET /api/medicine/create HTTP/1.1" 404 158 "-" "vscode-restclient"
::ffff:127.0.0.1 - - [19/May/2020:18:47:29 +0000] "GET /api/medicine/create HTTP/1.1" 404 158 "-" "vscode-restclient"
::ffff:127.0.0.1 - - [19/May/2020:18:47:45 +0000] "POST /api/medicine/create HTTP/1.1" 400 2 "-" "vscode-restclient"
::ffff:127.0.0.1 - - [19/May/2020:18:47:51 +0000] "POST /api/medicine/create HTTP/1.1" 400 2 "-" "vscode-restclient"
::ffff:127.0.0.1 - - [19/May/2020:18:48:20 +0000] "POST /api/medicine/create HTTP/1.1" 200 282 "-" "vscode-restclient"
::1 - - [19/May/2020:20:10:24 +0000] "POST /api/medicine/create HTTP/1.1" 400 1133 "http://localhost:3000/medicine" "Mozilla/5.0 (Windows NT 10.0; Win64; x64) AppleWebKit/537.36 (KHTML, like Gecko) Chrome/81.0.4044.138 Safari/537.36"
::1 - - [19/May/2020:20:12:15 +0000] "POST /api/medicine/create HTTP/1.1" 200 282 "http://localhost:3000/medicine" "Mozilla/5.0 (Windows NT 10.0; Win64; x64) AppleWebKit/537.36 (KHTML, like Gecko) Chrome/81.0.4044.138 Safari/537.36"
::1 - - [19/May/2020:20:21:10 +0000] "POST /api/medicine/create HTTP/1.1" 200 269 "http://localhost:3000/medicine" "Mozilla/5.0 (Windows NT 10.0; Win64; x64) AppleWebKit/537.36 (KHTML, like Gecko) Chrome/81.0.4044.138 Safari/537.36"
::1 - - [19/May/2020:20:23:49 +0000] "POST /api/medicine/create HTTP/1.1" 200 238 "http://localhost:3000/medicine" "Mozilla/5.0 (Windows NT 10.0; Win64; x64) AppleWebKit/537.36 (KHTML, like Gecko) Chrome/81.0.4044.138 Safari/537.36"
::ffff:127.0.0.1 - - [19/May/2020:20:28:02 +0000] "GET /api/medicine/read HTTP/1.1" 200 4 "-" "vscode-restclient"
::ffff:127.0.0.1 - - [19/May/2020:20:28:06 +0000] "GET /api/medicine/read HTTP/1.1" 200 4 "-" "vscode-restclient"
::ffff:127.0.0.1 - - [19/May/2020:20:28:08 +0000] "GET /api/medicine/read HTTP/1.1" 200 4 "-" "vscode-restclient"
::ffff:127.0.0.1 - - [19/May/2020:20:28:38 +0000] "GET /api/medicine/read_all HTTP/1.1" 400 2 "-" "vscode-restclient"
::ffff:127.0.0.1 - - [19/May/2020:20:28:39 +0000] "GET /api/medicine/read_all HTTP/1.1" 400 2 "-" "vscode-restclient"
::ffff:127.0.0.1 - - [19/May/2020:20:28:43 +0000] "GET /api/medicine/read_all HTTP/1.1" 400 2 "-" "vscode-restclient"
::ffff:127.0.0.1 - - [19/May/2020:20:30:48 +0000] "GET /api/medicine/read_all?asds HTTP/1.1" 400 2 "-" "vscode-restclient"
::ffff:127.0.0.1 - - [19/May/2020:20:34:25 +0000] "POST /api/medicine/create HTTP/1.1" 400 255 "-" "vscode-restclient"
::ffff:127.0.0.1 - - [19/May/2020:20:34:32 +0000] "GET /api/medicine/read_all?asds HTTP/1.1" 200 1080 "-" "vscode-restclient"
::ffff:127.0.0.1 - - [19/May/2020:20:34:49 +0000] "GET /api/medicine/read_all HTTP/1.1" 200 1080 "-" "vscode-restclient"
::1 - - [19/May/2020:20:42:31 +0000] "GET /api/medicine/read_all HTTP/1.1" 200 1080 "http://localhost:3000/medicine" "Mozilla/5.0 (Windows NT 10.0; Win64; x64) AppleWebKit/537.36 (KHTML, like Gecko) Chrome/81.0.4044.138 Safari/537.36"
::1 - - [19/May/2020:20:42:39 +0000] "GET /api/medicine/read_all HTTP/1.1" 304 - "http://localhost:3000/medicine" "Mozilla/5.0 (Windows NT 10.0; Win64; x64) AppleWebKit/537.36 (KHTML, like Gecko) Chrome/81.0.4044.138 Safari/537.36"
::1 - - [19/May/2020:20:42:57 +0000] "GET /api/medicine/read_all HTTP/1.1" 304 - "http://localhost:3000/medicine" "Mozilla/5.0 (Windows NT 10.0; Win64; x64) AppleWebKit/537.36 (KHTML, like Gecko) Chrome/81.0.4044.138 Safari/537.36"
::1 - - [19/May/2020:20:43:12 +0000] "GET /api/medicine/read_all HTTP/1.1" 304 - "http://localhost:3000/medicine" "Mozilla/5.0 (Windows NT 10.0; Win64; x64) AppleWebKit/537.36 (KHTML, like Gecko) Chrome/81.0.4044.138 Safari/537.36"
::1 - - [19/May/2020:20:43:42 +0000] "GET /api/medicine/read_all HTTP/1.1" 304 - "http://localhost:3000/medicine" "Mozilla/5.0 (Windows NT 10.0; Win64; x64) AppleWebKit/537.36 (KHTML, like Gecko) Chrome/81.0.4044.138 Safari/537.36"
::1 - - [19/May/2020:20:43:50 +0000] "GET /api/medicine/read_all HTTP/1.1" 304 - "http://localhost:3000/medicine" "Mozilla/5.0 (Windows NT 10.0; Win64; x64) AppleWebKit/537.36 (KHTML, like Gecko) Chrome/81.0.4044.138 Safari/537.36"
::1 - - [19/May/2020:20:44:43 +0000] "GET /api/medicine/read_all HTTP/1.1" 304 - "http://localhost:3000/medicine" "Mozilla/5.0 (Windows NT 10.0; Win64; x64) AppleWebKit/537.36 (KHTML, like Gecko) Chrome/81.0.4044.138 Safari/537.36"
::1 - - [19/May/2020:20:45:10 +0000] "GET /api/medicine/read_all HTTP/1.1" 304 - "http://localhost:3000/medicine" "Mozilla/5.0 (Windows NT 10.0; Win64; x64) AppleWebKit/537.36 (KHTML, like Gecko) Chrome/81.0.4044.138 Safari/537.36"
::1 - - [19/May/2020:20:46:39 +0000] "GET /api/medicine/read_all HTTP/1.1" 304 - "http://localhost:3000/medicine" "Mozilla/5.0 (Windows NT 10.0; Win64; x64) AppleWebKit/537.36 (KHTML, like Gecko) Chrome/81.0.4044.138 Safari/537.36"
::1 - - [19/May/2020:20:49:14 +0000] "GET /api/medicine/read_all HTTP/1.1" 304 - "http://localhost:3000/medicine" "Mozilla/5.0 (Windows NT 10.0; Win64; x64) AppleWebKit/537.36 (KHTML, like Gecko) Chrome/81.0.4044.138 Safari/537.36"
::1 - - [19/May/2020:20:49:19 +0000] "POST /api/medicine/create HTTP/1.1" 400 265 "http://localhost:3000/medicine" "Mozilla/5.0 (Windows NT 10.0; Win64; x64) AppleWebKit/537.36 (KHTML, like Gecko) Chrome/81.0.4044.138 Safari/537.36"
::1 - - [19/May/2020:20:50:35 +0000] "GET /api/medicine/read_all HTTP/1.1" 200 2 "http://localhost:3000/medicine" "Mozilla/5.0 (Windows NT 10.0; Win64; x64) AppleWebKit/537.36 (KHTML, like Gecko) Chrome/81.0.4044.138 Safari/537.36"
::1 - - [19/May/2020:20:51:44 +0000] "GET /api/medicine/read_all HTTP/1.1" 304 - "http://localhost:3000/medicine" "Mozilla/5.0 (Windows NT 10.0; Win64; x64) AppleWebKit/537.36 (KHTML, like Gecko) Chrome/81.0.4044.138 Safari/537.36"
::1 - - [19/May/2020:20:52:06 +0000] "POST /api/medicine/create HTTP/1.1" 200 266 "http://localhost:3000/medicine" "Mozilla/5.0 (Windows NT 10.0; Win64; x64) AppleWebKit/537.36 (KHTML, like Gecko) Chrome/81.0.4044.138 Safari/537.36"
::1 - - [19/May/2020:20:52:06 +0000] "GET /api/medicine/read_all HTTP/1.1" 200 268 "http://localhost:3000/medicine" "Mozilla/5.0 (Windows NT 10.0; Win64; x64) AppleWebKit/537.36 (KHTML, like Gecko) Chrome/81.0.4044.138 Safari/537.36"
::1 - - [19/May/2020:20:52:46 +0000] "GET /api/medicine/read_all HTTP/1.1" 304 - "http://localhost:3000/medicine" "Mozilla/5.0 (Windows NT 10.0; Win64; x64) AppleWebKit/537.36 (KHTML, like Gecko) Chrome/81.0.4044.138 Safari/537.36"
::1 - - [19/May/2020:20:53:03 +0000] "GET /api/medicine/read_all HTTP/1.1" 304 - "http://localhost:3000/medicine" "Mozilla/5.0 (Windows NT 10.0; Win64; x64) AppleWebKit/537.36 (KHTML, like Gecko) Chrome/81.0.4044.138 Safari/537.36"
::1 - - [19/May/2020:20:54:04 +0000] "POST /api/medicine/create HTTP/1.1" 200 279 "http://localhost:3000/medicine" "Mozilla/5.0 (Windows NT 10.0; Win64; x64) AppleWebKit/537.36 (KHTML, like Gecko) Chrome/81.0.4044.138 Safari/537.36"
::1 - - [19/May/2020:20:54:04 +0000] "GET /api/medicine/read_all HTTP/1.1" 200 548 "http://localhost:3000/medicine" "Mozilla/5.0 (Windows NT 10.0; Win64; x64) AppleWebKit/537.36 (KHTML, like Gecko) Chrome/81.0.4044.138 Safari/537.36"
::1 - - [19/May/2020:20:54:10 +0000] "POST /api/medicine/create HTTP/1.1" 200 279 "http://localhost:3000/medicine" "Mozilla/5.0 (Windows NT 10.0; Win64; x64) AppleWebKit/537.36 (KHTML, like Gecko) Chrome/81.0.4044.138 Safari/537.36"
::1 - - [19/May/2020:20:54:10 +0000] "GET /api/medicine/read_all HTTP/1.1" 200 828 "http://localhost:3000/medicine" "Mozilla/5.0 (Windows NT 10.0; Win64; x64) AppleWebKit/537.36 (KHTML, like Gecko) Chrome/81.0.4044.138 Safari/537.36"
::1 - - [19/May/2020:20:54:10 +0000] "POST /api/medicine/create HTTP/1.1" 200 279 "http://localhost:3000/medicine" "Mozilla/5.0 (Windows NT 10.0; Win64; x64) AppleWebKit/537.36 (KHTML, like Gecko) Chrome/81.0.4044.138 Safari/537.36"
::1 - - [19/May/2020:20:54:10 +0000] "GET /api/medicine/read_all HTTP/1.1" 200 1108 "http://localhost:3000/medicine" "Mozilla/5.0 (Windows NT 10.0; Win64; x64) AppleWebKit/537.36 (KHTML, like Gecko) Chrome/81.0.4044.138 Safari/537.36"
::1 - - [19/May/2020:20:54:10 +0000] "POST /api/medicine/create HTTP/1.1" 200 279 "http://localhost:3000/medicine" "Mozilla/5.0 (Windows NT 10.0; Win64; x64) AppleWebKit/537.36 (KHTML, like Gecko) Chrome/81.0.4044.138 Safari/537.36"
::1 - - [19/May/2020:20:54:10 +0000] "GET /api/medicine/read_all HTTP/1.1" 200 1388 "http://localhost:3000/medicine" "Mozilla/5.0 (Windows NT 10.0; Win64; x64) AppleWebKit/537.36 (KHTML, like Gecko) Chrome/81.0.4044.138 Safari/537.36"
::1 - - [19/May/2020:20:54:11 +0000] "POST /api/medicine/create HTTP/1.1" 200 279 "http://localhost:3000/medicine" "Mozilla/5.0 (Windows NT 10.0; Win64; x64) AppleWebKit/537.36 (KHTML, like Gecko) Chrome/81.0.4044.138 Safari/537.36"
::1 - - [19/May/2020:20:54:11 +0000] "GET /api/medicine/read_all HTTP/1.1" 200 1668 "http://localhost:3000/medicine" "Mozilla/5.0 (Windows NT 10.0; Win64; x64) AppleWebKit/537.36 (KHTML, like Gecko) Chrome/81.0.4044.138 Safari/537.36"
::1 - - [19/May/2020:20:54:11 +0000] "POST /api/medicine/create HTTP/1.1" 200 279 "http://localhost:3000/medicine" "Mozilla/5.0 (Windows NT 10.0; Win64; x64) AppleWebKit/537.36 (KHTML, like Gecko) Chrome/81.0.4044.138 Safari/537.36"
::1 - - [19/May/2020:20:54:11 +0000] "GET /api/medicine/read_all HTTP/1.1" 200 1948 "http://localhost:3000/medicine" "Mozilla/5.0 (Windows NT 10.0; Win64; x64) AppleWebKit/537.36 (KHTML, like Gecko) Chrome/81.0.4044.138 Safari/537.36"
::1 - - [19/May/2020:20:54:11 +0000] "POST /api/medicine/create HTTP/1.1" 200 279 "http://localhost:3000/medicine" "Mozilla/5.0 (Windows NT 10.0; Win64; x64) AppleWebKit/537.36 (KHTML, like Gecko) Chrome/81.0.4044.138 Safari/537.36"
::1 - - [19/May/2020:20:54:11 +0000] "GET /api/medicine/read_all HTTP/1.1" 200 2228 "http://localhost:3000/medicine" "Mozilla/5.0 (Windows NT 10.0; Win64; x64) AppleWebKit/537.36 (KHTML, like Gecko) Chrome/81.0.4044.138 Safari/537.36"
::1 - - [19/May/2020:20:54:11 +0000] "POST /api/medicine/create HTTP/1.1" 200 279 "http://localhost:3000/medicine" "Mozilla/5.0 (Windows NT 10.0; Win64; x64) AppleWebKit/537.36 (KHTML, like Gecko) Chrome/81.0.4044.138 Safari/537.36"
::1 - - [19/May/2020:20:54:12 +0000] "GET /api/medicine/read_all HTTP/1.1" 200 2508 "http://localhost:3000/medicine" "Mozilla/5.0 (Windows NT 10.0; Win64; x64) AppleWebKit/537.36 (KHTML, like Gecko) Chrome/81.0.4044.138 Safari/537.36"
::1 - - [19/May/2020:21:25:19 +0000] "POST /api/medicine/create HTTP/1.1" 200 279 "http://localhost:3000/medicine" "Mozilla/5.0 (Windows NT 10.0; Win64; x64) AppleWebKit/537.36 (KHTML, like Gecko) Chrome/81.0.4044.138 Safari/537.36"
::1 - - [19/May/2020:21:25:19 +0000] "GET /api/medicine/read_all HTTP/1.1" 200 2788 "http://localhost:3000/medicine" "Mozilla/5.0 (Windows NT 10.0; Win64; x64) AppleWebKit/537.36 (KHTML, like Gecko) Chrome/81.0.4044.138 Safari/537.36"
::1 - - [19/May/2020:21:25:20 +0000] "POST /api/medicine/create HTTP/1.1" 200 279 "http://localhost:3000/medicine" "Mozilla/5.0 (Windows NT 10.0; Win64; x64) AppleWebKit/537.36 (KHTML, like Gecko) Chrome/81.0.4044.138 Safari/537.36"
::1 - - [19/May/2020:21:25:20 +0000] "GET /api/medicine/read_all HTTP/1.1" 200 3068 "http://localhost:3000/medicine" "Mozilla/5.0 (Windows NT 10.0; Win64; x64) AppleWebKit/537.36 (KHTML, like Gecko) Chrome/81.0.4044.138 Safari/537.36"
::1 - - [19/May/2020:21:25:20 +0000] "POST /api/medicine/create HTTP/1.1" 200 279 "http://localhost:3000/medicine" "Mozilla/5.0 (Windows NT 10.0; Win64; x64) AppleWebKit/537.36 (KHTML, like Gecko) Chrome/81.0.4044.138 Safari/537.36"
::1 - - [19/May/2020:21:25:20 +0000] "GET /api/medicine/read_all HTTP/1.1" 200 3348 "http://localhost:3000/medicine" "Mozilla/5.0 (Windows NT 10.0; Win64; x64) AppleWebKit/537.36 (KHTML, like Gecko) Chrome/81.0.4044.138 Safari/537.36"
::1 - - [19/May/2020:21:25:20 +0000] "POST /api/medicine/create HTTP/1.1" 200 279 "http://localhost:3000/medicine" "Mozilla/5.0 (Windows NT 10.0; Win64; x64) AppleWebKit/537.36 (KHTML, like Gecko) Chrome/81.0.4044.138 Safari/537.36"
::1 - - [19/May/2020:21:25:21 +0000] "GET /api/medicine/read_all HTTP/1.1" 200 3628 "http://localhost:3000/medicine" "Mozilla/5.0 (Windows NT 10.0; Win64; x64) AppleWebKit/537.36 (KHTML, like Gecko) Chrome/81.0.4044.138 Safari/537.36"
::1 - - [19/May/2020:21:25:21 +0000] "POST /api/medicine/create HTTP/1.1" 200 279 "http://localhost:3000/medicine" "Mozilla/5.0 (Windows NT 10.0; Win64; x64) AppleWebKit/537.36 (KHTML, like Gecko) Chrome/81.0.4044.138 Safari/537.36"
::1 - - [19/May/2020:21:25:21 +0000] "GET /api/medicine/read_all HTTP/1.1" 200 3908 "http://localhost:3000/medicine" "Mozilla/5.0 (Windows NT 10.0; Win64; x64) AppleWebKit/537.36 (KHTML, like Gecko) Chrome/81.0.4044.138 Safari/537.36"
::1 - - [19/May/2020:21:25:21 +0000] "POST /api/medicine/create HTTP/1.1" 200 279 "http://localhost:3000/medicine" "Mozilla/5.0 (Windows NT 10.0; Win64; x64) AppleWebKit/537.36 (KHTML, like Gecko) Chrome/81.0.4044.138 Safari/537.36"
::1 - - [19/May/2020:21:25:21 +0000] "GET /api/medicine/read_all HTTP/1.1" 200 4188 "http://localhost:3000/medicine" "Mozilla/5.0 (Windows NT 10.0; Win64; x64) AppleWebKit/537.36 (KHTML, like Gecko) Chrome/81.0.4044.138 Safari/537.36"
::1 - - [19/May/2020:21:25:21 +0000] "POST /api/medicine/create HTTP/1.1" 200 279 "http://localhost:3000/medicine" "Mozilla/5.0 (Windows NT 10.0; Win64; x64) AppleWebKit/537.36 (KHTML, like Gecko) Chrome/81.0.4044.138 Safari/537.36"
::1 - - [19/May/2020:21:25:21 +0000] "GET /api/medicine/read_all HTTP/1.1" 200 4468 "http://localhost:3000/medicine" "Mozilla/5.0 (Windows NT 10.0; Win64; x64) AppleWebKit/537.36 (KHTML, like Gecko) Chrome/81.0.4044.138 Safari/537.36"
::1 - - [19/May/2020:21:25:22 +0000] "POST /api/medicine/create HTTP/1.1" 200 279 "http://localhost:3000/medicine" "Mozilla/5.0 (Windows NT 10.0; Win64; x64) AppleWebKit/537.36 (KHTML, like Gecko) Chrome/81.0.4044.138 Safari/537.36"
::1 - - [19/May/2020:21:25:22 +0000] "GET /api/medicine/read_all HTTP/1.1" 200 4748 "http://localhost:3000/medicine" "Mozilla/5.0 (Windows NT 10.0; Win64; x64) AppleWebKit/537.36 (KHTML, like Gecko) Chrome/81.0.4044.138 Safari/537.36"
::1 - - [19/May/2020:21:25:22 +0000] "POST /api/medicine/create HTTP/1.1" 200 279 "http://localhost:3000/medicine" "Mozilla/5.0 (Windows NT 10.0; Win64; x64) AppleWebKit/537.36 (KHTML, like Gecko) Chrome/81.0.4044.138 Safari/537.36"
::1 - - [19/May/2020:21:25:22 +0000] "GET /api/medicine/read_all HTTP/1.1" 200 5028 "http://localhost:3000/medicine" "Mozilla/5.0 (Windows NT 10.0; Win64; x64) AppleWebKit/537.36 (KHTML, like Gecko) Chrome/81.0.4044.138 Safari/537.36"
::1 - - [19/May/2020:21:25:23 +0000] "POST /api/medicine/create HTTP/1.1" 200 279 "http://localhost:3000/medicine" "Mozilla/5.0 (Windows NT 10.0; Win64; x64) AppleWebKit/537.36 (KHTML, like Gecko) Chrome/81.0.4044.138 Safari/537.36"
::1 - - [19/May/2020:21:25:23 +0000] "GET /api/medicine/read_all HTTP/1.1" 200 5308 "http://localhost:3000/medicine" "Mozilla/5.0 (Windows NT 10.0; Win64; x64) AppleWebKit/537.36 (KHTML, like Gecko) Chrome/81.0.4044.138 Safari/537.36"
::1 - - [19/May/2020:21:25:23 +0000] "POST /api/medicine/create HTTP/1.1" 200 279 "http://localhost:3000/medicine" "Mozilla/5.0 (Windows NT 10.0; Win64; x64) AppleWebKit/537.36 (KHTML, like Gecko) Chrome/81.0.4044.138 Safari/537.36"
::1 - - [19/May/2020:21:25:23 +0000] "GET /api/medicine/read_all HTTP/1.1" 200 5588 "http://localhost:3000/medicine" "Mozilla/5.0 (Windows NT 10.0; Win64; x64) AppleWebKit/537.36 (KHTML, like Gecko) Chrome/81.0.4044.138 Safari/537.36"
::1 - - [19/May/2020:21:25:23 +0000] "POST /api/medicine/create HTTP/1.1" 200 279 "http://localhost:3000/medicine" "Mozilla/5.0 (Windows NT 10.0; Win64; x64) AppleWebKit/537.36 (KHTML, like Gecko) Chrome/81.0.4044.138 Safari/537.36"
::1 - - [19/May/2020:21:25:23 +0000] "GET /api/medicine/read_all HTTP/1.1" 200 5868 "http://localhost:3000/medicine" "Mozilla/5.0 (Windows NT 10.0; Win64; x64) AppleWebKit/537.36 (KHTML, like Gecko) Chrome/81.0.4044.138 Safari/537.36"
::1 - - [19/May/2020:21:25:23 +0000] "POST /api/medicine/create HTTP/1.1" 200 279 "http://localhost:3000/medicine" "Mozilla/5.0 (Windows NT 10.0; Win64; x64) AppleWebKit/537.36 (KHTML, like Gecko) Chrome/81.0.4044.138 Safari/537.36"
::1 - - [19/May/2020:21:25:23 +0000] "GET /api/medicine/read_all HTTP/1.1" 200 6148 "http://localhost:3000/medicine" "Mozilla/5.0 (Windows NT 10.0; Win64; x64) AppleWebKit/537.36 (KHTML, like Gecko) Chrome/81.0.4044.138 Safari/537.36"
::1 - - [19/May/2020:21:25:24 +0000] "POST /api/medicine/create HTTP/1.1" 200 279 "http://localhost:3000/medicine" "Mozilla/5.0 (Windows NT 10.0; Win64; x64) AppleWebKit/537.36 (KHTML, like Gecko) Chrome/81.0.4044.138 Safari/537.36"
::1 - - [19/May/2020:21:25:24 +0000] "GET /api/medicine/read_all HTTP/1.1" 200 6428 "http://localhost:3000/medicine" "Mozilla/5.0 (Windows NT 10.0; Win64; x64) AppleWebKit/537.36 (KHTML, like Gecko) Chrome/81.0.4044.138 Safari/537.36"
::1 - - [19/May/2020:21:25:24 +0000] "POST /api/medicine/create HTTP/1.1" 200 279 "http://localhost:3000/medicine" "Mozilla/5.0 (Windows NT 10.0; Win64; x64) AppleWebKit/537.36 (KHTML, like Gecko) Chrome/81.0.4044.138 Safari/537.36"
::1 - - [19/May/2020:21:25:24 +0000] "GET /api/medicine/read_all HTTP/1.1" 200 6708 "http://localhost:3000/medicine" "Mozilla/5.0 (Windows NT 10.0; Win64; x64) AppleWebKit/537.36 (KHTML, like Gecko) Chrome/81.0.4044.138 Safari/537.36"
::1 - - [19/May/2020:21:25:24 +0000] "POST /api/medicine/create HTTP/1.1" 200 279 "http://localhost:3000/medicine" "Mozilla/5.0 (Windows NT 10.0; Win64; x64) AppleWebKit/537.36 (KHTML, like Gecko) Chrome/81.0.4044.138 Safari/537.36"
::1 - - [19/May/2020:21:25:24 +0000] "GET /api/medicine/read_all HTTP/1.1" 200 6988 "http://localhost:3000/medicine" "Mozilla/5.0 (Windows NT 10.0; Win64; x64) AppleWebKit/537.36 (KHTML, like Gecko) Chrome/81.0.4044.138 Safari/537.36"
::1 - - [19/May/2020:21:25:24 +0000] "POST /api/medicine/create HTTP/1.1" 200 279 "http://localhost:3000/medicine" "Mozilla/5.0 (Windows NT 10.0; Win64; x64) AppleWebKit/537.36 (KHTML, like Gecko) Chrome/81.0.4044.138 Safari/537.36"
::1 - - [19/May/2020:21:25:24 +0000] "GET /api/medicine/read_all HTTP/1.1" 200 7268 "http://localhost:3000/medicine" "Mozilla/5.0 (Windows NT 10.0; Win64; x64) AppleWebKit/537.36 (KHTML, like Gecko) Chrome/81.0.4044.138 Safari/537.36"
::1 - - [19/May/2020:21:25:24 +0000] "POST /api/medicine/create HTTP/1.1" 200 279 "http://localhost:3000/medicine" "Mozilla/5.0 (Windows NT 10.0; Win64; x64) AppleWebKit/537.36 (KHTML, like Gecko) Chrome/81.0.4044.138 Safari/537.36"
::1 - - [19/May/2020:21:25:25 +0000] "GET /api/medicine/read_all HTTP/1.1" 200 7548 "http://localhost:3000/medicine" "Mozilla/5.0 (Windows NT 10.0; Win64; x64) AppleWebKit/537.36 (KHTML, like Gecko) Chrome/81.0.4044.138 Safari/537.36"
::1 - - [19/May/2020:21:25:25 +0000] "POST /api/medicine/create HTTP/1.1" 200 279 "http://localhost:3000/medicine" "Mozilla/5.0 (Windows NT 10.0; Win64; x64) AppleWebKit/537.36 (KHTML, like Gecko) Chrome/81.0.4044.138 Safari/537.36"
::1 - - [19/May/2020:21:25:25 +0000] "GET /api/medicine/read_all HTTP/1.1" 200 7828 "http://localhost:3000/medicine" "Mozilla/5.0 (Windows NT 10.0; Win64; x64) AppleWebKit/537.36 (KHTML, like Gecko) Chrome/81.0.4044.138 Safari/537.36"
::1 - - [19/May/2020:21:25:25 +0000] "POST /api/medicine/create HTTP/1.1" 200 279 "http://localhost:3000/medicine" "Mozilla/5.0 (Windows NT 10.0; Win64; x64) AppleWebKit/537.36 (KHTML, like Gecko) Chrome/81.0.4044.138 Safari/537.36"
::1 - - [19/May/2020:21:25:25 +0000] "GET /api/medicine/read_all HTTP/1.1" 200 8108 "http://localhost:3000/medicine" "Mozilla/5.0 (Windows NT 10.0; Win64; x64) AppleWebKit/537.36 (KHTML, like Gecko) Chrome/81.0.4044.138 Safari/537.36"
::1 - - [19/May/2020:21:25:25 +0000] "POST /api/medicine/create HTTP/1.1" 200 279 "http://localhost:3000/medicine" "Mozilla/5.0 (Windows NT 10.0; Win64; x64) AppleWebKit/537.36 (KHTML, like Gecko) Chrome/81.0.4044.138 Safari/537.36"
::1 - - [19/May/2020:21:25:25 +0000] "GET /api/medicine/read_all HTTP/1.1" 200 8388 "http://localhost:3000/medicine" "Mozilla/5.0 (Windows NT 10.0; Win64; x64) AppleWebKit/537.36 (KHTML, like Gecko) Chrome/81.0.4044.138 Safari/537.36"
::1 - - [19/May/2020:21:25:26 +0000] "POST /api/medicine/create HTTP/1.1" 200 279 "http://localhost:3000/medicine" "Mozilla/5.0 (Windows NT 10.0; Win64; x64) AppleWebKit/537.36 (KHTML, like Gecko) Chrome/81.0.4044.138 Safari/537.36"
::1 - - [19/May/2020:21:25:26 +0000] "GET /api/medicine/read_all HTTP/1.1" 200 8668 "http://localhost:3000/medicine" "Mozilla/5.0 (Windows NT 10.0; Win64; x64) AppleWebKit/537.36 (KHTML, like Gecko) Chrome/81.0.4044.138 Safari/537.36"
::1 - - [19/May/2020:21:25:26 +0000] "POST /api/medicine/create HTTP/1.1" 200 279 "http://localhost:3000/medicine" "Mozilla/5.0 (Windows NT 10.0; Win64; x64) AppleWebKit/537.36 (KHTML, like Gecko) Chrome/81.0.4044.138 Safari/537.36"
::1 - - [19/May/2020:21:25:26 +0000] "GET /api/medicine/read_all HTTP/1.1" 200 8948 "http://localhost:3000/medicine" "Mozilla/5.0 (Windows NT 10.0; Win64; x64) AppleWebKit/537.36 (KHTML, like Gecko) Chrome/81.0.4044.138 Safari/537.36"
::1 - - [19/May/2020:21:25:26 +0000] "POST /api/medicine/create HTTP/1.1" 200 279 "http://localhost:3000/medicine" "Mozilla/5.0 (Windows NT 10.0; Win64; x64) AppleWebKit/537.36 (KHTML, like Gecko) Chrome/81.0.4044.138 Safari/537.36"
::1 - - [19/May/2020:21:25:26 +0000] "GET /api/medicine/read_all HTTP/1.1" 200 9228 "http://localhost:3000/medicine" "Mozilla/5.0 (Windows NT 10.0; Win64; x64) AppleWebKit/537.36 (KHTML, like Gecko) Chrome/81.0.4044.138 Safari/537.36"
::1 - - [19/May/2020:21:25:26 +0000] "POST /api/medicine/create HTTP/1.1" 200 279 "http://localhost:3000/medicine" "Mozilla/5.0 (Windows NT 10.0; Win64; x64) AppleWebKit/537.36 (KHTML, like Gecko) Chrome/81.0.4044.138 Safari/537.36"
::1 - - [19/May/2020:21:25:26 +0000] "GET /api/medicine/read_all HTTP/1.1" 200 9508 "http://localhost:3000/medicine" "Mozilla/5.0 (Windows NT 10.0; Win64; x64) AppleWebKit/537.36 (KHTML, like Gecko) Chrome/81.0.4044.138 Safari/537.36"
::1 - - [19/May/2020:21:25:27 +0000] "POST /api/medicine/create HTTP/1.1" 200 279 "http://localhost:3000/medicine" "Mozilla/5.0 (Windows NT 10.0; Win64; x64) AppleWebKit/537.36 (KHTML, like Gecko) Chrome/81.0.4044.138 Safari/537.36"
::1 - - [19/May/2020:21:25:27 +0000] "GET /api/medicine/read_all HTTP/1.1" 200 9788 "http://localhost:3000/medicine" "Mozilla/5.0 (Windows NT 10.0; Win64; x64) AppleWebKit/537.36 (KHTML, like Gecko) Chrome/81.0.4044.138 Safari/537.36"
::1 - - [19/May/2020:21:25:27 +0000] "POST /api/medicine/create HTTP/1.1" 200 279 "http://localhost:3000/medicine" "Mozilla/5.0 (Windows NT 10.0; Win64; x64) AppleWebKit/537.36 (KHTML, like Gecko) Chrome/81.0.4044.138 Safari/537.36"
::1 - - [19/May/2020:21:25:27 +0000] "GET /api/medicine/read_all HTTP/1.1" 200 10068 "http://localhost:3000/medicine" "Mozilla/5.0 (Windows NT 10.0; Win64; x64) AppleWebKit/537.36 (KHTML, like Gecko) Chrome/81.0.4044.138 Safari/537.36"
::1 - - [19/May/2020:21:25:27 +0000] "POST /api/medicine/create HTTP/1.1" 200 279 "http://localhost:3000/medicine" "Mozilla/5.0 (Windows NT 10.0; Win64; x64) AppleWebKit/537.36 (KHTML, like Gecko) Chrome/81.0.4044.138 Safari/537.36"
::1 - - [19/May/2020:21:25:27 +0000] "GET /api/medicine/read_all HTTP/1.1" 200 10348 "http://localhost:3000/medicine" "Mozilla/5.0 (Windows NT 10.0; Win64; x64) AppleWebKit/537.36 (KHTML, like Gecko) Chrome/81.0.4044.138 Safari/537.36"
::1 - - [19/May/2020:21:25:27 +0000] "POST /api/medicine/create HTTP/1.1" 200 279 "http://localhost:3000/medicine" "Mozilla/5.0 (Windows NT 10.0; Win64; x64) AppleWebKit/537.36 (KHTML, like Gecko) Chrome/81.0.4044.138 Safari/537.36"
::1 - - [19/May/2020:21:25:27 +0000] "GET /api/medicine/read_all HTTP/1.1" 200 10628 "http://localhost:3000/medicine" "Mozilla/5.0 (Windows NT 10.0; Win64; x64) AppleWebKit/537.36 (KHTML, like Gecko) Chrome/81.0.4044.138 Safari/537.36"
::1 - - [19/May/2020:21:25:28 +0000] "POST /api/medicine/create HTTP/1.1" 200 279 "http://localhost:3000/medicine" "Mozilla/5.0 (Windows NT 10.0; Win64; x64) AppleWebKit/537.36 (KHTML, like Gecko) Chrome/81.0.4044.138 Safari/537.36"
::1 - - [19/May/2020:21:25:28 +0000] "GET /api/medicine/read_all HTTP/1.1" 200 10908 "http://localhost:3000/medicine" "Mozilla/5.0 (Windows NT 10.0; Win64; x64) AppleWebKit/537.36 (KHTML, like Gecko) Chrome/81.0.4044.138 Safari/537.36"
::1 - - [19/May/2020:21:27:53 +0000] "GET /api/medicine/read_all HTTP/1.1" 304 - "http://localhost:3000/medicine" "Mozilla/5.0 (Windows NT 10.0; Win64; x64) AppleWebKit/537.36 (KHTML, like Gecko) Chrome/81.0.4044.138 Safari/537.36"
::1 - - [19/May/2020:21:40:45 +0000] "GET /api/medicine/read_all HTTP/1.1" 304 - "http://localhost:3000/medicine" "Mozilla/5.0 (Windows NT 10.0; Win64; x64) AppleWebKit/537.36 (KHTML, like Gecko) Chrome/81.0.4044.138 Safari/537.36"
::1 - - [19/May/2020:21:41:13 +0000] "GET /api/medicine/read_all HTTP/1.1" 304 - "http://localhost:3000/medicine" "Mozilla/5.0 (Windows NT 10.0; Win64; x64) AppleWebKit/537.36 (KHTML, like Gecko) Chrome/81.0.4044.138 Safari/537.36"
::1 - - [19/May/2020:21:41:59 +0000] "GET /api/medicine/read_all HTTP/1.1" 304 - "http://localhost:3000/medicine" "Mozilla/5.0 (Windows NT 10.0; Win64; x64) AppleWebKit/537.36 (KHTML, like Gecko) Chrome/81.0.4044.138 Safari/537.36"
::1 - - [19/May/2020:21:43:54 +0000] "GET /api/medicine/read_all HTTP/1.1" 304 - "http://localhost:3000/medicine" "Mozilla/5.0 (Windows NT 10.0; Win64; x64) AppleWebKit/537.36 (KHTML, like Gecko) Chrome/81.0.4044.138 Safari/537.36"
::1 - - [19/May/2020:21:45:16 +0000] "GET /api/medicine/read_all HTTP/1.1" 304 - "http://localhost:3000/medicine" "Mozilla/5.0 (Windows NT 10.0; Win64; x64) AppleWebKit/537.36 (KHTML, like Gecko) Chrome/81.0.4044.138 Safari/537.36"
::1 - - [19/May/2020:21:45:27 +0000] "GET /api/medicine/read_all HTTP/1.1" 304 - "http://localhost:3000/medicine" "Mozilla/5.0 (Windows NT 10.0; Win64; x64) AppleWebKit/537.36 (KHTML, like Gecko) Chrome/81.0.4044.138 Safari/537.36"
::1 - - [19/May/2020:21:53:37 +0000] "GET /api/medicine/read_all HTTP/1.1" 304 - "http://localhost:3000/medicine" "Mozilla/5.0 (Windows NT 10.0; Win64; x64) AppleWebKit/537.36 (KHTML, like Gecko) Chrome/81.0.4044.138 Safari/537.36"
