::1 - - [19/May/2020:22:09:38 +0000] "GET /api/Patient/read_all HTTP/1.1" 404 159 "http://localhost:3000/patients" "Mozilla/5.0 (Windows NT 10.0; Win64; x64) AppleWebKit/537.36 (KHTML, like Gecko) Chrome/81.0.4044.138 Safari/537.36"
::1 - - [19/May/2020:22:10:25 +0000] "GET /api/Patient/read_all HTTP/1.1" 404 159 "http://localhost:3000/patients" "Mozilla/5.0 (Windows NT 10.0; Win64; x64) AppleWebKit/537.36 (KHTML, like Gecko) Chrome/81.0.4044.138 Safari/537.36"
::1 - - [19/May/2020:22:10:47 +0000] "GET /api/Patient/read_all HTTP/1.1" 404 159 "http://localhost:3000/patients" "Mozilla/5.0 (Windows NT 10.0; Win64; x64) AppleWebKit/537.36 (KHTML, like Gecko) Chrome/81.0.4044.138 Safari/537.36"
::1 - - [19/May/2020:22:11:43 +0000] "GET /api/Patient/read_all HTTP/1.1" 404 159 "http://localhost:3000/patients" "Mozilla/5.0 (Windows NT 10.0; Win64; x64) AppleWebKit/537.36 (KHTML, like Gecko) Chrome/81.0.4044.138 Safari/537.36"
::1 - - [19/May/2020:22:11:57 +0000] "GET /api/Patient/read_all HTTP/1.1" 404 159 "http://localhost:3000/patients" "Mozilla/5.0 (Windows NT 10.0; Win64; x64) AppleWebKit/537.36 (KHTML, like Gecko) Chrome/81.0.4044.138 Safari/537.36"
::1 - - [19/May/2020:22:12:21 +0000] "GET /api/Patient/read_all HTTP/1.1" 404 159 "http://localhost:3000/patients" "Mozilla/5.0 (Windows NT 10.0; Win64; x64) AppleWebKit/537.36 (KHTML, like Gecko) Chrome/81.0.4044.138 Safari/537.36"
::1 - - [19/May/2020:22:12:32 +0000] "GET /api/Patient/read_all HTTP/1.1" 404 159 "http://localhost:3000/patients" "Mozilla/5.0 (Windows NT 10.0; Win64; x64) AppleWebKit/537.36 (KHTML, like Gecko) Chrome/81.0.4044.138 Safari/537.36"
::1 - - [19/May/2020:22:12:39 +0000] "GET /api/medicine/read_all HTTP/1.1" 304 - "http://localhost:3000/medicine" "Mozilla/5.0 (Windows NT 10.0; Win64; x64) AppleWebKit/537.36 (KHTML, like Gecko) Chrome/81.0.4044.138 Safari/537.36"
::1 - - [19/May/2020:22:12:40 +0000] "GET /api/Patient/read_all HTTP/1.1" 404 159 "http://localhost:3000/patients" "Mozilla/5.0 (Windows NT 10.0; Win64; x64) AppleWebKit/537.36 (KHTML, like Gecko) Chrome/81.0.4044.138 Safari/537.36"
::1 - - [19/May/2020:22:12:43 +0000] "GET /api/medicine/read_all HTTP/1.1" 304 - "http://localhost:3000/medicine" "Mozilla/5.0 (Windows NT 10.0; Win64; x64) AppleWebKit/537.36 (KHTML, like Gecko) Chrome/81.0.4044.138 Safari/537.36"
::1 - - [19/May/2020:22:12:45 +0000] "GET /api/Patient/read_all HTTP/1.1" 404 159 "http://localhost:3000/patients" "Mozilla/5.0 (Windows NT 10.0; Win64; x64) AppleWebKit/537.36 (KHTML, like Gecko) Chrome/81.0.4044.138 Safari/537.36"
::1 - - [19/May/2020:22:14:57 +0000] "GET /api/Patient/read_all HTTP/1.1" 404 159 "http://localhost:3000/patients" "Mozilla/5.0 (Windows NT 10.0; Win64; x64) AppleWebKit/537.36 (KHTML, like Gecko) Chrome/81.0.4044.138 Safari/537.36"
::1 - - [19/May/2020:22:16:51 +0000] "GET /api/Patient/read_all HTTP/1.1" 404 159 "http://localhost:3000/patients" "Mozilla/5.0 (Windows NT 10.0; Win64; x64) AppleWebKit/537.36 (KHTML, like Gecko) Chrome/81.0.4044.138 Safari/537.36"
::1 - - [19/May/2020:22:16:59 +0000] "GET /api/patient/read_all HTTP/1.1" 404 159 "http://localhost:3000/patients" "Mozilla/5.0 (Windows NT 10.0; Win64; x64) AppleWebKit/537.36 (KHTML, like Gecko) Chrome/81.0.4044.138 Safari/537.36"
::1 - - [19/May/2020:22:17:02 +0000] "GET /api/patient/read_all HTTP/1.1" 404 159 "http://localhost:3000/patients" "Mozilla/5.0 (Windows NT 10.0; Win64; x64) AppleWebKit/537.36 (KHTML, like Gecko) Chrome/81.0.4044.138 Safari/537.36"
::1 - - [19/May/2020:22:17:38 +0000] "POST /api/patient/create HTTP/1.1" 400 646 "http://localhost:3000/patients" "Mozilla/5.0 (Windows NT 10.0; Win64; x64) AppleWebKit/537.36 (KHTML, like Gecko) Chrome/81.0.4044.138 Safari/537.36"
::1 - - [19/May/2020:22:17:53 +0000] "POST /api/patient/create HTTP/1.1" 400 646 "http://localhost:3000/patients" "Mozilla/5.0 (Windows NT 10.0; Win64; x64) AppleWebKit/537.36 (KHTML, like Gecko) Chrome/81.0.4044.138 Safari/537.36"
::1 - - [19/May/2020:22:18:03 +0000] "POST /api/patient/create HTTP/1.1" 400 646 "http://localhost:3000/patients" "Mozilla/5.0 (Windows NT 10.0; Win64; x64) AppleWebKit/537.36 (KHTML, like Gecko) Chrome/81.0.4044.138 Safari/537.36"
::1 - - [19/May/2020:22:18:45 +0000] "GET /api/patient/read_all HTTP/1.1" 404 159 "http://localhost:3000/patients" "Mozilla/5.0 (Windows NT 10.0; Win64; x64) AppleWebKit/537.36 (KHTML, like Gecko) Chrome/81.0.4044.138 Safari/537.36"
::1 - - [19/May/2020:22:19:02 +0000] "POST /api/patient/create HTTP/1.1" 200 292 "http://localhost:3000/patients" "Mozilla/5.0 (Windows NT 10.0; Win64; x64) AppleWebKit/537.36 (KHTML, like Gecko) Chrome/81.0.4044.138 Safari/537.36"
::1 - - [19/May/2020:22:19:02 +0000] "GET /api/patient/read_all HTTP/1.1" 404 159 "http://localhost:3000/patients" "Mozilla/5.0 (Windows NT 10.0; Win64; x64) AppleWebKit/537.36 (KHTML, like Gecko) Chrome/81.0.4044.138 Safari/537.36"
::ffff:127.0.0.1 - - [19/May/2020:22:21:58 +0000] "POST /api/patient/create HTTP/1.1" 400 237 "-" "vscode-restclient"
::ffff:127.0.0.1 - - [19/May/2020:22:22:05 +0000] "POST /api/patient/create HTTP/1.1" 200 295 "-" "vscode-restclient"
::ffff:127.0.0.1 - - [19/May/2020:22:22:08 +0000] "GET /api/patient/read_all HTTP/1.1" 404 159 "-" "vscode-restclient"
::ffff:127.0.0.1 - - [19/May/2020:22:25:14 +0000] "GET /api/medicine/read_all HTTP/1.1" 200 10908 "-" "vscode-restclient"
::ffff:127.0.0.1 - - [19/May/2020:22:28:14 +0000] "GET /api/doctor/read_all HTTP/1.1" 200 363 "-" "vscode-restclient"
::ffff:127.0.0.1 - - [19/May/2020:22:28:45 +0000] "GET /api/patient/read_all HTTP/1.1" 404 159 "-" "vscode-restclient"
::ffff:127.0.0.1 - - [19/May/2020:22:28:46 +0000] "GET /api/patient/read_all HTTP/1.1" 404 159 "-" "vscode-restclient"
::ffff:127.0.0.1 - - [19/May/2020:22:28:47 +0000] "GET /api/patient/read_all HTTP/1.1" 404 159 "-" "vscode-restclient"
::ffff:127.0.0.1 - - [19/May/2020:22:28:47 +0000] "GET /api/patient/read_all HTTP/1.1" 404 159 "-" "vscode-restclient"
::ffff:127.0.0.1 - - [19/May/2020:22:28:47 +0000] "GET /api/patient/read_all HTTP/1.1" 404 159 "-" "vscode-restclient"
::ffff:127.0.0.1 - - [19/May/2020:22:28:47 +0000] "GET /api/patient/read_all HTTP/1.1" 404 159 "-" "vscode-restclient"
::ffff:127.0.0.1 - - [19/May/2020:22:28:54 +0000] "GET /api/patient/read_all HTTP/1.1" 404 159 "-" "vscode-restclient"
::ffff:127.0.0.1 - - [19/May/2020:22:29:07 +0000] "GET /api/patient/read_all HTTP/1.1" 404 159 "-" "vscode-restclient"
::ffff:127.0.0.1 - - [19/May/2020:22:29:09 +0000] "GET /api/patient/read_all HTTP/1.1" 404 159 "-" "vscode-restclient"
::ffff:127.0.0.1 - - [19/May/2020:22:29:10 +0000] "GET /api/patient/read_all HTTP/1.1" 404 159 "-" "vscode-restclient"
::ffff:127.0.0.1 - - [19/May/2020:22:29:22 +0000] "GET /api/ HTTP/1.1" 404 143 "-" "vscode-restclient"
::1 - - [19/May/2020:22:30:37 +0000] "GET /api/patient/read_all HTTP/1.1" 200 738 "http://localhost:3000/patients" "Mozilla/5.0 (Windows NT 10.0; Win64; x64) AppleWebKit/537.36 (KHTML, like Gecko) Chrome/81.0.4044.138 Safari/537.36"
::1 - - [19/May/2020:22:31:05 +0000] "POST /api/patient/create HTTP/1.1" 200 314 "http://localhost:3000/patients" "Mozilla/5.0 (Windows NT 10.0; Win64; x64) AppleWebKit/537.36 (KHTML, like Gecko) Chrome/81.0.4044.138 Safari/537.36"
::1 - - [19/May/2020:22:31:05 +0000] "GET /api/patient/read_all HTTP/1.1" 200 1127 "http://localhost:3000/patients" "Mozilla/5.0 (Windows NT 10.0; Win64; x64) AppleWebKit/537.36 (KHTML, like Gecko) Chrome/81.0.4044.138 Safari/537.36"
::1 - - [19/May/2020:22:34:59 +0000] "GET /api/patient/read_all HTTP/1.1" 304 - "http://localhost:3000/patients" "Mozilla/5.0 (Windows NT 10.0; Win64; x64) AppleWebKit/537.36 (KHTML, like Gecko) Chrome/81.0.4044.138 Safari/537.36"
::1 - - [19/May/2020:22:35:20 +0000] "POST /api/patient/create HTTP/1.1" 200 310 "http://localhost:3000/patients" "Mozilla/5.0 (Windows NT 10.0; Win64; x64) AppleWebKit/537.36 (KHTML, like Gecko) Chrome/81.0.4044.138 Safari/537.36"
::1 - - [19/May/2020:22:35:20 +0000] "GET /api/patient/read_all HTTP/1.1" 200 1512 "http://localhost:3000/patients" "Mozilla/5.0 (Windows NT 10.0; Win64; x64) AppleWebKit/537.36 (KHTML, like Gecko) Chrome/81.0.4044.138 Safari/537.36"
::1 - - [19/May/2020:22:37:15 +0000] "GET /api/patient/read_all HTTP/1.1" 304 - "http://localhost:3000/patients" "Mozilla/5.0 (Windows NT 10.0; Win64; x64) AppleWebKit/537.36 (KHTML, like Gecko) Chrome/81.0.4044.138 Safari/537.36"
::1 - - [19/May/2020:22:37:17 +0000] "GET /api/medicine/read_all HTTP/1.1" 304 - "http://localhost:3000/medicine" "Mozilla/5.0 (Windows NT 10.0; Win64; x64) AppleWebKit/537.36 (KHTML, like Gecko) Chrome/81.0.4044.138 Safari/537.36"
::1 - - [19/May/2020:22:37:24 +0000] "POST /api/medicine/create HTTP/1.1" 200 210 "http://localhost:3000/medicine" "Mozilla/5.0 (Windows NT 10.0; Win64; x64) AppleWebKit/537.36 (KHTML, like Gecko) Chrome/81.0.4044.138 Safari/537.36"
::1 - - [19/May/2020:22:37:24 +0000] "GET /api/medicine/read_all HTTP/1.1" 200 11119 "http://localhost:3000/medicine" "Mozilla/5.0 (Windows NT 10.0; Win64; x64) AppleWebKit/537.36 (KHTML, like Gecko) Chrome/81.0.4044.138 Safari/537.36"
::1 - - [19/May/2020:22:37:32 +0000] "GET /api/patient/read_all HTTP/1.1" 304 - "http://localhost:3000/patients" "Mozilla/5.0 (Windows NT 10.0; Win64; x64) AppleWebKit/537.36 (KHTML, like Gecko) Chrome/81.0.4044.138 Safari/537.36"
::1 - - [19/May/2020:22:38:53 +0000] "GET /api/patient/read_all HTTP/1.1" 304 - "http://localhost:3000/patients" "Mozilla/5.0 (Windows NT 10.0; Win64; x64) AppleWebKit/537.36 (KHTML, like Gecko) Chrome/81.0.4044.138 Safari/537.36"
::1 - - [19/May/2020:22:39:27 +0000] "GET /api/patient/read_all HTTP/1.1" 304 - "http://localhost:3000/patients" "Mozilla/5.0 (Windows NT 10.0; Win64; x64) AppleWebKit/537.36 (KHTML, like Gecko) Chrome/81.0.4044.138 Safari/537.36"
::1 - - [19/May/2020:22:39:49 +0000] "POST /api/patient/create HTTP/1.1" 200 295 "http://localhost:3000/patients" "Mozilla/5.0 (Windows NT 10.0; Win64; x64) AppleWebKit/537.36 (KHTML, like Gecko) Chrome/81.0.4044.138 Safari/537.36"
::1 - - [19/May/2020:22:39:49 +0000] "GET /api/patient/read_all HTTP/1.1" 200 1882 "http://localhost:3000/patients" "Mozilla/5.0 (Windows NT 10.0; Win64; x64) AppleWebKit/537.36 (KHTML, like Gecko) Chrome/81.0.4044.138 Safari/537.36"
::1 - - [19/May/2020:22:40:18 +0000] "GET /api/patient/read_all HTTP/1.1" 304 - "http://localhost:3000/patients" "Mozilla/5.0 (Windows NT 10.0; Win64; x64) AppleWebKit/537.36 (KHTML, like Gecko) Chrome/81.0.4044.138 Safari/537.36"
::1 - - [19/May/2020:22:40:28 +0000] "GET /api/patient/read_all HTTP/1.1" 304 - "http://localhost:3000/patients" "Mozilla/5.0 (Windows NT 10.0; Win64; x64) AppleWebKit/537.36 (KHTML, like Gecko) Chrome/81.0.4044.138 Safari/537.36"
::1 - - [19/May/2020:22:40:37 +0000] "POST /api/patient/create HTTP/1.1" 400 247 "http://localhost:3000/patients" "Mozilla/5.0 (Windows NT 10.0; Win64; x64) AppleWebKit/537.36 (KHTML, like Gecko) Chrome/81.0.4044.138 Safari/537.36"
::1 - - [19/May/2020:22:40:43 +0000] "POST /api/patient/create HTTP/1.1" 400 247 "http://localhost:3000/patients" "Mozilla/5.0 (Windows NT 10.0; Win64; x64) AppleWebKit/537.36 (KHTML, like Gecko) Chrome/81.0.4044.138 Safari/537.36"
::1 - - [19/May/2020:22:40:49 +0000] "POST /api/patient/create HTTP/1.1" 400 247 "http://localhost:3000/patients" "Mozilla/5.0 (Windows NT 10.0; Win64; x64) AppleWebKit/537.36 (KHTML, like Gecko) Chrome/81.0.4044.138 Safari/537.36"
::1 - - [19/May/2020:22:40:49 +0000] "POST /api/patient/create HTTP/1.1" 400 247 "http://localhost:3000/patients" "Mozilla/5.0 (Windows NT 10.0; Win64; x64) AppleWebKit/537.36 (KHTML, like Gecko) Chrome/81.0.4044.138 Safari/537.36"
::1 - - [19/May/2020:22:40:49 +0000] "POST /api/patient/create HTTP/1.1" 400 247 "http://localhost:3000/patients" "Mozilla/5.0 (Windows NT 10.0; Win64; x64) AppleWebKit/537.36 (KHTML, like Gecko) Chrome/81.0.4044.138 Safari/537.36"
::1 - - [19/May/2020:22:40:58 +0000] "POST /api/patient/create HTTP/1.1" 200 298 "http://localhost:3000/patients" "Mozilla/5.0 (Windows NT 10.0; Win64; x64) AppleWebKit/537.36 (KHTML, like Gecko) Chrome/81.0.4044.138 Safari/537.36"
::1 - - [19/May/2020:22:40:58 +0000] "GET /api/patient/read_all HTTP/1.1" 200 2255 "http://localhost:3000/patients" "Mozilla/5.0 (Windows NT 10.0; Win64; x64) AppleWebKit/537.36 (KHTML, like Gecko) Chrome/81.0.4044.138 Safari/537.36"
::1 - - [19/May/2020:22:41:20 +0000] "POST /api/patient/create HTTP/1.1" 400 225 "http://localhost:3000/patients" "Mozilla/5.0 (Windows NT 10.0; Win64; x64) AppleWebKit/537.36 (KHTML, like Gecko) Chrome/81.0.4044.138 Safari/537.36"
::1 - - [19/May/2020:22:41:26 +0000] "POST /api/patient/create HTTP/1.1" 200 298 "http://localhost:3000/patients" "Mozilla/5.0 (Windows NT 10.0; Win64; x64) AppleWebKit/537.36 (KHTML, like Gecko) Chrome/81.0.4044.138 Safari/537.36"
::1 - - [19/May/2020:22:41:26 +0000] "GET /api/patient/read_all HTTP/1.1" 200 2628 "http://localhost:3000/patients" "Mozilla/5.0 (Windows NT 10.0; Win64; x64) AppleWebKit/537.36 (KHTML, like Gecko) Chrome/81.0.4044.138 Safari/537.36"
::1 - - [19/May/2020:22:42:25 +0000] "GET /api/patient/read_all HTTP/1.1" 304 - "http://localhost:3000/patients" "Mozilla/5.0 (Windows NT 10.0; Win64; x64) AppleWebKit/537.36 (KHTML, like Gecko) Chrome/81.0.4044.138 Safari/537.36"
::1 - - [19/May/2020:22:43:39 +0000] "GET /api/patient/read_all HTTP/1.1" 304 - "http://localhost:3000/patients" "Mozilla/5.0 (Windows NT 10.0; Win64; x64) AppleWebKit/537.36 (KHTML, like Gecko) Chrome/81.0.4044.138 Safari/537.36"
::1 - - [19/May/2020:22:44:43 +0000] "GET /api/patient/read_all HTTP/1.1" 304 - "http://localhost:3000/patients" "Mozilla/5.0 (Windows NT 10.0; Win64; x64) AppleWebKit/537.36 (KHTML, like Gecko) Chrome/81.0.4044.138 Safari/537.36"
::1 - - [19/May/2020:22:45:05 +0000] "GET /api/patient/read_all HTTP/1.1" 304 - "http://localhost:3000/patients" "Mozilla/5.0 (Windows NT 10.0; Win64; x64) AppleWebKit/537.36 (KHTML, like Gecko) Chrome/81.0.4044.138 Safari/537.36"
::1 - - [19/May/2020:22:45:08 +0000] "GET /api/medicine/read_all HTTP/1.1" 304 - "http://localhost:3000/medicine" "Mozilla/5.0 (Windows NT 10.0; Win64; x64) AppleWebKit/537.36 (KHTML, like Gecko) Chrome/81.0.4044.138 Safari/537.36"
::1 - - [19/May/2020:22:45:10 +0000] "GET /api/patient/read_all HTTP/1.1" 304 - "http://localhost:3000/patients" "Mozilla/5.0 (Windows NT 10.0; Win64; x64) AppleWebKit/537.36 (KHTML, like Gecko) Chrome/81.0.4044.138 Safari/537.36"
::1 - - [19/May/2020:22:45:11 +0000] "GET /api/medicine/read_all HTTP/1.1" 304 - "http://localhost:3000/medicine" "Mozilla/5.0 (Windows NT 10.0; Win64; x64) AppleWebKit/537.36 (KHTML, like Gecko) Chrome/81.0.4044.138 Safari/537.36"
::1 - - [19/May/2020:22:45:13 +0000] "GET /api/patient/read_all HTTP/1.1" 304 - "http://localhost:3000/patients" "Mozilla/5.0 (Windows NT 10.0; Win64; x64) AppleWebKit/537.36 (KHTML, like Gecko) Chrome/81.0.4044.138 Safari/537.36"
::1 - - [19/May/2020:22:45:14 +0000] "GET /api/medicine/read_all HTTP/1.1" 304 - "http://localhost:3000/medicine" "Mozilla/5.0 (Windows NT 10.0; Win64; x64) AppleWebKit/537.36 (KHTML, like Gecko) Chrome/81.0.4044.138 Safari/537.36"
::1 - - [19/May/2020:22:45:17 +0000] "GET /api/patient/read_all HTTP/1.1" 304 - "http://localhost:3000/patients" "Mozilla/5.0 (Windows NT 10.0; Win64; x64) AppleWebKit/537.36 (KHTML, like Gecko) Chrome/81.0.4044.138 Safari/537.36"
::1 - - [19/May/2020:22:45:17 +0000] "GET /api/medicine/read_all HTTP/1.1" 304 - "http://localhost:3000/medicine" "Mozilla/5.0 (Windows NT 10.0; Win64; x64) AppleWebKit/537.36 (KHTML, like Gecko) Chrome/81.0.4044.138 Safari/537.36"
::1 - - [19/May/2020:22:45:25 +0000] "GET /api/patient/read_all HTTP/1.1" 304 - "http://localhost:3000/patients" "Mozilla/5.0 (Windows NT 10.0; Win64; x64) AppleWebKit/537.36 (KHTML, like Gecko) Chrome/81.0.4044.138 Safari/537.36"
::1 - - [19/May/2020:22:46:57 +0000] "GET /api/patient/read_all HTTP/1.1" 304 - "http://localhost:3000/patients" "Mozilla/5.0 (Windows NT 10.0; Win64; x64) AppleWebKit/537.36 (KHTML, like Gecko) Chrome/81.0.4044.138 Safari/537.36"
::1 - - [19/May/2020:22:49:04 +0000] "GET /api/patient/read_all HTTP/1.1" 304 - "http://localhost:3000/patients" "Mozilla/5.0 (Windows NT 10.0; Win64; x64) AppleWebKit/537.36 (KHTML, like Gecko) Chrome/81.0.4044.138 Safari/537.36"
::1 - - [19/May/2020:22:49:05 +0000] "GET /api/medicine/read_all HTTP/1.1" 304 - "http://localhost:3000/medicine" "Mozilla/5.0 (Windows NT 10.0; Win64; x64) AppleWebKit/537.36 (KHTML, like Gecko) Chrome/81.0.4044.138 Safari/537.36"
::1 - - [19/May/2020:22:49:11 +0000] "GET /api/patient/read_all HTTP/1.1" 304 - "http://localhost:3000/patients" "Mozilla/5.0 (Windows NT 10.0; Win64; x64) AppleWebKit/537.36 (KHTML, like Gecko) Chrome/81.0.4044.138 Safari/537.36"
::1 - - [19/May/2020:22:49:13 +0000] "GET /api/patient/read_all HTTP/1.1" 304 - "http://localhost:3000/patients" "Mozilla/5.0 (Windows NT 10.0; Win64; x64) AppleWebKit/537.36 (KHTML, like Gecko) Chrome/81.0.4044.138 Safari/537.36"
::1 - - [19/May/2020:22:54:09 +0000] "GET /api/patient/read_all HTTP/1.1" 304 - "http://localhost:3000/patients" "Mozilla/5.0 (Windows NT 10.0; Win64; x64) AppleWebKit/537.36 (KHTML, like Gecko) Chrome/81.0.4044.138 Safari/537.36"
::1 - - [19/May/2020:22:54:14 +0000] "GET /api/patient/read_all HTTP/1.1" 304 - "http://localhost:3000/patients/asd" "Mozilla/5.0 (Windows NT 10.0; Win64; x64) AppleWebKit/537.36 (KHTML, like Gecko) Chrome/81.0.4044.138 Safari/537.36"
::1 - - [19/May/2020:22:54:14 +0000] "GET /api/patient/read_all HTTP/1.1" 304 - "http://localhost:3000/patients/asd" "Mozilla/5.0 (Windows NT 10.0; Win64; x64) AppleWebKit/537.36 (KHTML, like Gecko) Chrome/81.0.4044.138 Safari/537.36"
::1 - - [19/May/2020:22:54:21 +0000] "GET /api/patient/read_all HTTP/1.1" 304 - "http://localhost:3000/patients/321" "Mozilla/5.0 (Windows NT 10.0; Win64; x64) AppleWebKit/537.36 (KHTML, like Gecko) Chrome/81.0.4044.138 Safari/537.36"
::1 - - [19/May/2020:22:54:21 +0000] "GET /api/patient/read_all HTTP/1.1" 304 - "http://localhost:3000/patients/321" "Mozilla/5.0 (Windows NT 10.0; Win64; x64) AppleWebKit/537.36 (KHTML, like Gecko) Chrome/81.0.4044.138 Safari/537.36"
::1 - - [19/May/2020:22:54:44 +0000] "GET /api/patient/read_all HTTP/1.1" 304 - "http://localhost:3000/patients/321" "Mozilla/5.0 (Windows NT 10.0; Win64; x64) AppleWebKit/537.36 (KHTML, like Gecko) Chrome/81.0.4044.138 Safari/537.36"
::1 - - [19/May/2020:22:54:44 +0000] "GET /api/patient/read_all HTTP/1.1" 304 - "http://localhost:3000/patients/321" "Mozilla/5.0 (Windows NT 10.0; Win64; x64) AppleWebKit/537.36 (KHTML, like Gecko) Chrome/81.0.4044.138 Safari/537.36"
::1 - - [19/May/2020:22:55:11 +0000] "GET /api/patient/read_all HTTP/1.1" 304 - "http://localhost:3000/patient/321" "Mozilla/5.0 (Windows NT 10.0; Win64; x64) AppleWebKit/537.36 (KHTML, like Gecko) Chrome/81.0.4044.138 Safari/537.36"
::1 - - [19/May/2020:22:57:04 +0000] "GET /api/patient/read_all HTTP/1.1" 304 - "http://localhost:3000/patient/321" "Mozilla/5.0 (Windows NT 10.0; Win64; x64) AppleWebKit/537.36 (KHTML, like Gecko) Chrome/81.0.4044.138 Safari/537.36"
::1 - - [19/May/2020:22:57:06 +0000] "GET /api/patient/read_all HTTP/1.1" 304 - "http://localhost:3000/patients" "Mozilla/5.0 (Windows NT 10.0; Win64; x64) AppleWebKit/537.36 (KHTML, like Gecko) Chrome/81.0.4044.138 Safari/537.36"
::1 - - [19/May/2020:22:57:08 +0000] "GET /api/patient/read_all HTTP/1.1" 304 - "http://localhost:3000/patient/undefined" "Mozilla/5.0 (Windows NT 10.0; Win64; x64) AppleWebKit/537.36 (KHTML, like Gecko) Chrome/81.0.4044.138 Safari/537.36"
::1 - - [19/May/2020:22:57:09 +0000] "GET /api/patient/read_all HTTP/1.1" 304 - "http://localhost:3000/patients" "Mozilla/5.0 (Windows NT 10.0; Win64; x64) AppleWebKit/537.36 (KHTML, like Gecko) Chrome/81.0.4044.138 Safari/537.36"
::1 - - [19/May/2020:22:58:16 +0000] "GET /api/patient/read_all HTTP/1.1" 304 - "http://localhost:3000/patients" "Mozilla/5.0 (Windows NT 10.0; Win64; x64) AppleWebKit/537.36 (KHTML, like Gecko) Chrome/81.0.4044.138 Safari/537.36"
::1 - - [19/May/2020:22:58:17 +0000] "GET /api/patient/read_all HTTP/1.1" 304 - "http://localhost:3000/patient/undefined" "Mozilla/5.0 (Windows NT 10.0; Win64; x64) AppleWebKit/537.36 (KHTML, like Gecko) Chrome/81.0.4044.138 Safari/537.36"
::1 - - [19/May/2020:22:58:19 +0000] "GET /api/patient/read_all HTTP/1.1" 304 - "http://localhost:3000/patients" "Mozilla/5.0 (Windows NT 10.0; Win64; x64) AppleWebKit/537.36 (KHTML, like Gecko) Chrome/81.0.4044.138 Safari/537.36"
::1 - - [19/May/2020:22:58:20 +0000] "GET /api/patient/read_all HTTP/1.1" 304 - "http://localhost:3000/patient/undefined" "Mozilla/5.0 (Windows NT 10.0; Win64; x64) AppleWebKit/537.36 (KHTML, like Gecko) Chrome/81.0.4044.138 Safari/537.36"
::1 - - [19/May/2020:22:58:27 +0000] "GET /api/patient/read/ HTTP/1.1" 200 4 "http://localhost:3000/patient/undefined" "Mozilla/5.0 (Windows NT 10.0; Win64; x64) AppleWebKit/537.36 (KHTML, like Gecko) Chrome/81.0.4044.138 Safari/537.36"
::1 - - [19/May/2020:22:59:55 +0000] "GET /api/patient/read/undefined HTTP/1.1" 404 165 "http://localhost:3000/patient/undefined" "Mozilla/5.0 (Windows NT 10.0; Win64; x64) AppleWebKit/537.36 (KHTML, like Gecko) Chrome/81.0.4044.138 Safari/537.36"
::1 - - [19/May/2020:23:00:08 +0000] "GET /api/patient/read_all HTTP/1.1" 304 - "http://localhost:3000/patients" "Mozilla/5.0 (Windows NT 10.0; Win64; x64) AppleWebKit/537.36 (KHTML, like Gecko) Chrome/81.0.4044.138 Safari/537.36"
::1 - - [19/May/2020:23:00:09 +0000] "GET /api/patient/read/undefined HTTP/1.1" 404 165 "http://localhost:3000/patient/undefined" "Mozilla/5.0 (Windows NT 10.0; Win64; x64) AppleWebKit/537.36 (KHTML, like Gecko) Chrome/81.0.4044.138 Safari/537.36"
::1 - - [19/May/2020:23:00:23 +0000] "GET /api/patient/read_all HTTP/1.1" 304 - "http://localhost:3000/patients" "Mozilla/5.0 (Windows NT 10.0; Win64; x64) AppleWebKit/537.36 (KHTML, like Gecko) Chrome/81.0.4044.138 Safari/537.36"
::1 - - [19/May/2020:23:00:24 +0000] "GET /api/patient/read/undefined HTTP/1.1" 404 165 "http://localhost:3000/patient/undefined" "Mozilla/5.0 (Windows NT 10.0; Win64; x64) AppleWebKit/537.36 (KHTML, like Gecko) Chrome/81.0.4044.138 Safari/537.36"
::1 - - [19/May/2020:23:02:35 +0000] "GET /api/patient/read_all HTTP/1.1" 304 - "http://localhost:3000/patients" "Mozilla/5.0 (Windows NT 10.0; Win64; x64) AppleWebKit/537.36 (KHTML, like Gecko) Chrome/81.0.4044.138 Safari/537.36"
::1 - - [19/May/2020:23:02:49 +0000] "GET /api/patient/read_all HTTP/1.1" 304 - "http://localhost:3000/patients" "Mozilla/5.0 (Windows NT 10.0; Win64; x64) AppleWebKit/537.36 (KHTML, like Gecko) Chrome/81.0.4044.138 Safari/537.36"
::1 - - [19/May/2020:23:02:51 +0000] "GET /api/patient/read/5ec45b56fdaf5c42745ec081 HTTP/1.1" 404 180 "http://localhost:3000/patient/5ec45b56fdaf5c42745ec081" "Mozilla/5.0 (Windows NT 10.0; Win64; x64) AppleWebKit/537.36 (KHTML, like Gecko) Chrome/81.0.4044.138 Safari/537.36"
::1 - - [19/May/2020:23:03:21 +0000] "GET /api/patient/read_all HTTP/1.1" 304 - "http://localhost:3000/patients" "Mozilla/5.0 (Windows NT 10.0; Win64; x64) AppleWebKit/537.36 (KHTML, like Gecko) Chrome/81.0.4044.138 Safari/537.36"
::1 - - [19/May/2020:23:03:22 +0000] "GET /api/patient/read/5ec45b56fdaf5c42745ec081 HTTP/1.1" 404 180 "http://localhost:3000/patient/5ec45b56fdaf5c42745ec081" "Mozilla/5.0 (Windows NT 10.0; Win64; x64) AppleWebKit/537.36 (KHTML, like Gecko) Chrome/81.0.4044.138 Safari/537.36"
::1 - - [19/May/2020:23:03:36 +0000] "GET /api/patient/read_all HTTP/1.1" 304 - "http://localhost:3000/patients" "Mozilla/5.0 (Windows NT 10.0; Win64; x64) AppleWebKit/537.36 (KHTML, like Gecko) Chrome/81.0.4044.138 Safari/537.36"
::1 - - [19/May/2020:23:03:37 +0000] "GET /api/patient/read/5ec45b56fdaf5c42745ec081 HTTP/1.1" 404 180 "http://localhost:3000/patient/5ec45b56fdaf5c42745ec081" "Mozilla/5.0 (Windows NT 10.0; Win64; x64) AppleWebKit/537.36 (KHTML, like Gecko) Chrome/81.0.4044.138 Safari/537.36"
::1 - - [19/May/2020:23:05:33 +0000] "GET /api/patient/read/5ec45b56fdaf5c42745ec081 HTTP/1.1" 200 366 "http://localhost:3000/patient/5ec45b56fdaf5c42745ec081" "Mozilla/5.0 (Windows NT 10.0; Win64; x64) AppleWebKit/537.36 (KHTML, like Gecko) Chrome/81.0.4044.138 Safari/537.36"
::1 - - [19/May/2020:23:05:38 +0000] "GET /api/patient/read_all HTTP/1.1" 304 - "http://localhost:3000/patients" "Mozilla/5.0 (Windows NT 10.0; Win64; x64) AppleWebKit/537.36 (KHTML, like Gecko) Chrome/81.0.4044.138 Safari/537.36"
::1 - - [19/May/2020:23:14:16 +0000] "GET /api/patient/read_all HTTP/1.1" 304 - "http://localhost:3000/patients" "Mozilla/5.0 (Windows NT 10.0; Win64; x64) AppleWebKit/537.36 (KHTML, like Gecko) Chrome/81.0.4044.138 Safari/537.36"
::1 - - [19/May/2020:23:14:17 +0000] "GET /api/patient/read/5ec45b56fdaf5c42745ec081 HTTP/1.1" 304 - "http://localhost:3000/patient/5ec45b56fdaf5c42745ec081" "Mozilla/5.0 (Windows NT 10.0; Win64; x64) AppleWebKit/537.36 (KHTML, like Gecko) Chrome/81.0.4044.138 Safari/537.36"
::1 - - [19/May/2020:23:15:24 +0000] "GET /api/patient/read/5ec45b56fdaf5c42745ec081 HTTP/1.1" 304 - "http://localhost:3000/patient/5ec45b56fdaf5c42745ec081" "Mozilla/5.0 (Windows NT 10.0; Win64; x64) AppleWebKit/537.36 (KHTML, like Gecko) Chrome/81.0.4044.138 Safari/537.36"
::1 - - [19/May/2020:23:15:49 +0000] "GET /api/patient/read/5ec45b56fdaf5c42745ec081 HTTP/1.1" 304 - "http://localhost:3000/patient/5ec45b56fdaf5c42745ec081" "Mozilla/5.0 (Windows NT 10.0; Win64; x64) AppleWebKit/537.36 (KHTML, like Gecko) Chrome/81.0.4044.138 Safari/537.36"
::1 - - [19/May/2020:23:15:58 +0000] "GET /api/patient/read/5ec45b56fdaf5c42745ec081 HTTP/1.1" 304 - "http://localhost:3000/patient/5ec45b56fdaf5c42745ec081" "Mozilla/5.0 (Windows NT 10.0; Win64; x64) AppleWebKit/537.36 (KHTML, like Gecko) Chrome/81.0.4044.138 Safari/537.36"
::1 - - [19/May/2020:23:16:07 +0000] "GET /api/patient/read/5ec45b56fdaf5c42745ec081 HTTP/1.1" 304 - "http://localhost:3000/patient/5ec45b56fdaf5c42745ec081" "Mozilla/5.0 (Windows NT 10.0; Win64; x64) AppleWebKit/537.36 (KHTML, like Gecko) Chrome/81.0.4044.138 Safari/537.36"
::1 - - [19/May/2020:23:18:46 +0000] "GET /api/patient/read/5ec45b56fdaf5c42745ec081 HTTP/1.1" 304 - "http://localhost:3000/patient/5ec45b56fdaf5c42745ec081" "Mozilla/5.0 (Windows NT 10.0; Win64; x64) AppleWebKit/537.36 (KHTML, like Gecko) Chrome/81.0.4044.138 Safari/537.36"
::1 - - [19/May/2020:23:19:13 +0000] "GET /api/patient/read/5ec45b56fdaf5c42745ec081 HTTP/1.1" 304 - "http://localhost:3000/patient/5ec45b56fdaf5c42745ec081" "Mozilla/5.0 (Windows NT 10.0; Win64; x64) AppleWebKit/537.36 (KHTML, like Gecko) Chrome/81.0.4044.138 Safari/537.36"
::1 - - [19/May/2020:23:20:34 +0000] "GET /api/patient/read/5ec45b56fdaf5c42745ec081 HTTP/1.1" 304 - "http://localhost:3000/patient/5ec45b56fdaf5c42745ec081" "Mozilla/5.0 (Windows NT 10.0; Win64; x64) AppleWebKit/537.36 (KHTML, like Gecko) Chrome/81.0.4044.138 Safari/537.36"
::1 - - [19/May/2020:23:22:36 +0000] "GET /api/patient/read/5ec45b56fdaf5c42745ec081 HTTP/1.1" 304 - "http://localhost:3000/patient/5ec45b56fdaf5c42745ec081" "Mozilla/5.0 (Windows NT 10.0; Win64; x64) AppleWebKit/537.36 (KHTML, like Gecko) Chrome/81.0.4044.138 Safari/537.36"
::1 - - [19/May/2020:23:23:26 +0000] "GET /api/patient/read/5ec45b56fdaf5c42745ec081 HTTP/1.1" 304 - "http://localhost:3000/patient/5ec45b56fdaf5c42745ec081" "Mozilla/5.0 (Windows NT 10.0; Win64; x64) AppleWebKit/537.36 (KHTML, like Gecko) Chrome/81.0.4044.138 Safari/537.36"
::1 - - [19/May/2020:23:24:30 +0000] "GET /api/patient/read/5ec45b56fdaf5c42745ec081 HTTP/1.1" 304 - "http://localhost:3000/patient/5ec45b56fdaf5c42745ec081" "Mozilla/5.0 (Windows NT 10.0; Win64; x64) AppleWebKit/537.36 (KHTML, like Gecko) Chrome/81.0.4044.138 Safari/537.36"
::1 - - [19/May/2020:23:25:05 +0000] "GET /api/patient/read/5ec45b56fdaf5c42745ec081 HTTP/1.1" 304 - "http://localhost:3000/patient/5ec45b56fdaf5c42745ec081" "Mozilla/5.0 (Windows NT 10.0; Win64; x64) AppleWebKit/537.36 (KHTML, like Gecko) Chrome/81.0.4044.138 Safari/537.36"
::1 - - [19/May/2020:23:25:15 +0000] "GET /api/patient/read/5ec45b56fdaf5c42745ec081 HTTP/1.1" 304 - "http://localhost:3000/patient/5ec45b56fdaf5c42745ec081" "Mozilla/5.0 (Windows NT 10.0; Win64; x64) AppleWebKit/537.36 (KHTML, like Gecko) Chrome/81.0.4044.138 Safari/537.36"
::1 - - [19/May/2020:23:25:22 +0000] "GET /api/patient/read/5ec45b56fdaf5c42745ec081 HTTP/1.1" 304 - "http://localhost:3000/patient/5ec45b56fdaf5c42745ec081" "Mozilla/5.0 (Windows NT 10.0; Win64; x64) AppleWebKit/537.36 (KHTML, like Gecko) Chrome/81.0.4044.138 Safari/537.36"
::1 - - [19/May/2020:23:26:15 +0000] "GET /api/patient/read/5ec45b56fdaf5c42745ec081 HTTP/1.1" 304 - "http://localhost:3000/patient/5ec45b56fdaf5c42745ec081" "Mozilla/5.0 (Windows NT 10.0; Win64; x64) AppleWebKit/537.36 (KHTML, like Gecko) Chrome/81.0.4044.138 Safari/537.36"
::1 - - [19/May/2020:23:27:44 +0000] "GET /api/patient/read/5ec45b56fdaf5c42745ec081 HTTP/1.1" 304 - "http://localhost:3000/patient/5ec45b56fdaf5c42745ec081" "Mozilla/5.0 (Windows NT 10.0; Win64; x64) AppleWebKit/537.36 (KHTML, like Gecko) Chrome/81.0.4044.138 Safari/537.36"
::1 - - [19/May/2020:23:28:01 +0000] "GET /api/patient/read/5ec45b56fdaf5c42745ec081 HTTP/1.1" 304 - "http://localhost:3000/patient/5ec45b56fdaf5c42745ec081" "Mozilla/5.0 (Windows NT 10.0; Win64; x64) AppleWebKit/537.36 (KHTML, like Gecko) Chrome/81.0.4044.138 Safari/537.36"
::1 - - [19/May/2020:23:28:39 +0000] "GET /api/patient/read/5ec45b56fdaf5c42745ec081 HTTP/1.1" 304 - "http://localhost:3000/patient/5ec45b56fdaf5c42745ec081" "Mozilla/5.0 (Windows NT 10.0; Win64; x64) AppleWebKit/537.36 (KHTML, like Gecko) Chrome/81.0.4044.138 Safari/537.36"
::1 - - [19/May/2020:23:28:56 +0000] "GET /api/patient/read/5ec45b56fdaf5c42745ec081 HTTP/1.1" 304 - "http://localhost:3000/patient/5ec45b56fdaf5c42745ec081" "Mozilla/5.0 (Windows NT 10.0; Win64; x64) AppleWebKit/537.36 (KHTML, like Gecko) Chrome/81.0.4044.138 Safari/537.36"
::1 - - [19/May/2020:23:29:37 +0000] "GET /api/patient/read/5ec45b56fdaf5c42745ec081 HTTP/1.1" 304 - "http://localhost:3000/patient/5ec45b56fdaf5c42745ec081" "Mozilla/5.0 (Windows NT 10.0; Win64; x64) AppleWebKit/537.36 (KHTML, like Gecko) Chrome/81.0.4044.138 Safari/537.36"
::1 - - [19/May/2020:23:29:44 +0000] "GET /api/patient/read/5ec45b56fdaf5c42745ec081 HTTP/1.1" 304 - "http://localhost:3000/patient/5ec45b56fdaf5c42745ec081" "Mozilla/5.0 (Windows NT 10.0; Win64; x64) AppleWebKit/537.36 (KHTML, like Gecko) Chrome/81.0.4044.138 Safari/537.36"
::1 - - [19/May/2020:23:31:28 +0000] "GET /api/patient/read/5ec45b56fdaf5c42745ec081 HTTP/1.1" 304 - "http://localhost:3000/patient/5ec45b56fdaf5c42745ec081" "Mozilla/5.0 (Windows NT 10.0; Win64; x64) AppleWebKit/537.36 (KHTML, like Gecko) Chrome/81.0.4044.138 Safari/537.36"
::1 - - [19/May/2020:23:33:02 +0000] "GET /api/patient/read/5ec45b56fdaf5c42745ec081 HTTP/1.1" 304 - "http://localhost:3000/patient/5ec45b56fdaf5c42745ec081" "Mozilla/5.0 (Windows NT 10.0; Win64; x64) AppleWebKit/537.36 (KHTML, like Gecko) Chrome/81.0.4044.138 Safari/537.36"
::1 - - [19/May/2020:23:33:23 +0000] "GET /api/patient/read/5ec45b56fdaf5c42745ec081 HTTP/1.1" 304 - "http://localhost:3000/patient/5ec45b56fdaf5c42745ec081" "Mozilla/5.0 (Windows NT 10.0; Win64; x64) AppleWebKit/537.36 (KHTML, like Gecko) Chrome/81.0.4044.138 Safari/537.36"
::1 - - [19/May/2020:23:35:01 +0000] "GET /api/patient/read/5ec45b56fdaf5c42745ec081 HTTP/1.1" 304 - "http://localhost:3000/patient/5ec45b56fdaf5c42745ec081" "Mozilla/5.0 (Windows NT 10.0; Win64; x64) AppleWebKit/537.36 (KHTML, like Gecko) Chrome/81.0.4044.138 Safari/537.36"
::1 - - [19/May/2020:23:35:18 +0000] "GET /api/patient/read/5ec45b56fdaf5c42745ec081 HTTP/1.1" 304 - "http://localhost:3000/patient/5ec45b56fdaf5c42745ec081" "Mozilla/5.0 (Windows NT 10.0; Win64; x64) AppleWebKit/537.36 (KHTML, like Gecko) Chrome/81.0.4044.138 Safari/537.36"
::1 - - [19/May/2020:23:35:23 +0000] "GET /api/patient/read/5ec45b56fdaf5c42745ec081 HTTP/1.1" 304 - "http://localhost:3000/patient/5ec45b56fdaf5c42745ec081" "Mozilla/5.0 (Windows NT 10.0; Win64; x64) AppleWebKit/537.36 (KHTML, like Gecko) Chrome/81.0.4044.138 Safari/537.36"
::1 - - [19/May/2020:23:36:01 +0000] "GET /api/patient/read/5ec45b56fdaf5c42745ec081 HTTP/1.1" 304 - "http://localhost:3000/patient/5ec45b56fdaf5c42745ec081" "Mozilla/5.0 (Windows NT 10.0; Win64; x64) AppleWebKit/537.36 (KHTML, like Gecko) Chrome/81.0.4044.138 Safari/537.36"
::1 - - [19/May/2020:23:36:27 +0000] "GET /api/patient/read/5ec45b56fdaf5c42745ec081 HTTP/1.1" 304 - "http://localhost:3000/patient/5ec45b56fdaf5c42745ec081" "Mozilla/5.0 (Windows NT 10.0; Win64; x64) AppleWebKit/537.36 (KHTML, like Gecko) Chrome/81.0.4044.138 Safari/537.36"
::1 - - [19/May/2020:23:36:51 +0000] "GET /api/patient/read/5ec45b56fdaf5c42745ec081 HTTP/1.1" 304 - "http://localhost:3000/patient/5ec45b56fdaf5c42745ec081" "Mozilla/5.0 (Windows NT 10.0; Win64; x64) AppleWebKit/537.36 (KHTML, like Gecko) Chrome/81.0.4044.138 Safari/537.36"
::1 - - [19/May/2020:23:36:58 +0000] "GET /api/patient/read/5ec45b56fdaf5c42745ec081 HTTP/1.1" 304 - "http://localhost:3000/patient/5ec45b56fdaf5c42745ec081" "Mozilla/5.0 (Windows NT 10.0; Win64; x64) AppleWebKit/537.36 (KHTML, like Gecko) Chrome/81.0.4044.138 Safari/537.36"
::1 - - [19/May/2020:23:38:08 +0000] "GET /api/patient/read/5ec45b56fdaf5c42745ec081 HTTP/1.1" 304 - "http://localhost:3000/patient/5ec45b56fdaf5c42745ec081" "Mozilla/5.0 (Windows NT 10.0; Win64; x64) AppleWebKit/537.36 (KHTML, like Gecko) Chrome/81.0.4044.138 Safari/537.36"
::1 - - [19/May/2020:23:43:19 +0000] "GET /api/patient/read_all HTTP/1.1" 304 - "http://localhost:3000/patients" "Mozilla/5.0 (Windows NT 10.0; Win64; x64) AppleWebKit/537.36 (KHTML, like Gecko) Chrome/81.0.4044.138 Safari/537.36"
::1 - - [19/May/2020:23:45:02 +0000] "GET /api/patient/read/5ec45b56fdaf5c42745ec081 HTTP/1.1" 304 - "http://localhost:3000/patient/5ec45b56fdaf5c42745ec081" "Mozilla/5.0 (Windows NT 10.0; Win64; x64) AppleWebKit/537.36 (KHTML, like Gecko) Chrome/81.0.4044.138 Safari/537.36"
::1 - - [19/May/2020:23:45:48 +0000] "GET /api/patient/read/5ec45b56fdaf5c42745ec081 HTTP/1.1" 304 - "http://localhost:3000/patient/5ec45b56fdaf5c42745ec081" "Mozilla/5.0 (Windows NT 10.0; Win64; x64) AppleWebKit/537.36 (KHTML, like Gecko) Chrome/81.0.4044.138 Safari/537.36"
::1 - - [19/May/2020:23:48:32 +0000] "GET /api/patient/read/5ec45b56fdaf5c42745ec081 HTTP/1.1" 304 - "http://localhost:3000/patient/5ec45b56fdaf5c42745ec081" "Mozilla/5.0 (Windows NT 10.0; Win64; x64) AppleWebKit/537.36 (KHTML, like Gecko) Chrome/81.0.4044.138 Safari/537.36"
::1 - - [19/May/2020:23:49:16 +0000] "GET /api/patient/read/5ec45b56fdaf5c42745ec081 HTTP/1.1" 304 - "http://localhost:3000/patient/5ec45b56fdaf5c42745ec081" "Mozilla/5.0 (Windows NT 10.0; Win64; x64) AppleWebKit/537.36 (KHTML, like Gecko) Chrome/81.0.4044.138 Safari/537.36"
::1 - - [19/May/2020:23:50:14 +0000] "GET /api/patient/read/5ec45b56fdaf5c42745ec081 HTTP/1.1" 304 - "http://localhost:3000/patient/5ec45b56fdaf5c42745ec081" "Mozilla/5.0 (Windows NT 10.0; Win64; x64) AppleWebKit/537.36 (KHTML, like Gecko) Chrome/81.0.4044.138 Safari/537.36"
::1 - - [19/May/2020:23:54:41 +0000] "GET /api/patient/read/5ec45b56fdaf5c42745ec081 HTTP/1.1" 304 - "http://localhost:3000/patient/5ec45b56fdaf5c42745ec081" "Mozilla/5.0 (Windows NT 10.0; Win64; x64) AppleWebKit/537.36 (KHTML, like Gecko) Chrome/81.0.4044.138 Safari/537.36"
::1 - - [19/May/2020:23:55:14 +0000] "GET /api/patient/read_all HTTP/1.1" 304 - "http://localhost:3000/patients" "Mozilla/5.0 (Windows NT 10.0; Win64; x64) AppleWebKit/537.36 (KHTML, like Gecko) Chrome/81.0.4044.138 Safari/537.36"
::1 - - [19/May/2020:23:55:16 +0000] "GET /api/patient/read_all HTTP/1.1" 304 - "http://localhost:3000/patients" "Mozilla/5.0 (Windows NT 10.0; Win64; x64) AppleWebKit/537.36 (KHTML, like Gecko) Chrome/81.0.4044.138 Safari/537.36"
::1 - - [19/May/2020:23:55:19 +0000] "GET /api/patient/read/5ec45b56fdaf5c42745ec081 HTTP/1.1" 304 - "http://localhost:3000/patient/5ec45b56fdaf5c42745ec081" "Mozilla/5.0 (Windows NT 10.0; Win64; x64) AppleWebKit/537.36 (KHTML, like Gecko) Chrome/81.0.4044.138 Safari/537.36"
::1 - - [20/May/2020:00:01:22 +0000] "GET /api/patient/read/5ec45b56fdaf5c42745ec081 HTTP/1.1" 304 - "http://localhost:3000/patient/5ec45b56fdaf5c42745ec081" "Mozilla/5.0 (Windows NT 10.0; Win64; x64) AppleWebKit/537.36 (KHTML, like Gecko) Chrome/81.0.4044.138 Safari/537.36"
::1 - - [20/May/2020:00:01:48 +0000] "GET /api/patient/read/5ec45b56fdaf5c42745ec081 HTTP/1.1" 304 - "http://localhost:3000/patient/5ec45b56fdaf5c42745ec081" "Mozilla/5.0 (Windows NT 10.0; Win64; x64) AppleWebKit/537.36 (KHTML, like Gecko) Chrome/81.0.4044.138 Safari/537.36"
::1 - - [20/May/2020:00:02:48 +0000] "GET /api/patient/read/5ec45b56fdaf5c42745ec081 HTTP/1.1" 304 - "http://localhost:3000/patient/5ec45b56fdaf5c42745ec081" "Mozilla/5.0 (Windows NT 10.0; Win64; x64) AppleWebKit/537.36 (KHTML, like Gecko) Chrome/81.0.4044.138 Safari/537.36"
::1 - - [20/May/2020:00:03:04 +0000] "GET /api/patient/read/5ec45b56fdaf5c42745ec081 HTTP/1.1" 304 - "http://localhost:3000/patient/5ec45b56fdaf5c42745ec081" "Mozilla/5.0 (Windows NT 10.0; Win64; x64) AppleWebKit/537.36 (KHTML, like Gecko) Chrome/81.0.4044.138 Safari/537.36"
::1 - - [20/May/2020:00:03:27 +0000] "GET /api/patient/read/5ec45b56fdaf5c42745ec081 HTTP/1.1" 304 - "http://localhost:3000/patient/5ec45b56fdaf5c42745ec081" "Mozilla/5.0 (Windows NT 10.0; Win64; x64) AppleWebKit/537.36 (KHTML, like Gecko) Chrome/81.0.4044.138 Safari/537.36"
::1 - - [20/May/2020:00:04:41 +0000] "GET /api/patient/read/5ec45b56fdaf5c42745ec081 HTTP/1.1" 304 - "http://localhost:3000/patient/5ec45b56fdaf5c42745ec081" "Mozilla/5.0 (Windows NT 10.0; Win64; x64) AppleWebKit/537.36 (KHTML, like Gecko) Chrome/81.0.4044.138 Safari/537.36"
::1 - - [20/May/2020:00:05:22 +0000] "GET /api/patient/read/5ec45b56fdaf5c42745ec081 HTTP/1.1" 304 - "http://localhost:3000/patient/5ec45b56fdaf5c42745ec081" "Mozilla/5.0 (Windows NT 10.0; Win64; x64) AppleWebKit/537.36 (KHTML, like Gecko) Chrome/81.0.4044.138 Safari/537.36"
::1 - - [20/May/2020:00:05:52 +0000] "GET /api/patient/read/5ec45b56fdaf5c42745ec081 HTTP/1.1" 304 - "http://localhost:3000/patient/5ec45b56fdaf5c42745ec081" "Mozilla/5.0 (Windows NT 10.0; Win64; x64) AppleWebKit/537.36 (KHTML, like Gecko) Chrome/81.0.4044.138 Safari/537.36"
::1 - - [20/May/2020:00:06:32 +0000] "GET /api/patient/read/5ec45b56fdaf5c42745ec081 HTTP/1.1" 304 - "http://localhost:3000/patient/5ec45b56fdaf5c42745ec081" "Mozilla/5.0 (Windows NT 10.0; Win64; x64) AppleWebKit/537.36 (KHTML, like Gecko) Chrome/81.0.4044.138 Safari/537.36"
::1 - - [20/May/2020:00:07:56 +0000] "GET /api/patient/read/5ec45b56fdaf5c42745ec081 HTTP/1.1" 304 - "http://localhost:3000/patient/5ec45b56fdaf5c42745ec081" "Mozilla/5.0 (Windows NT 10.0; Win64; x64) AppleWebKit/537.36 (KHTML, like Gecko) Chrome/81.0.4044.138 Safari/537.36"
::1 - - [20/May/2020:00:08:13 +0000] "GET /api/patient/read/5ec45b56fdaf5c42745ec081 HTTP/1.1" 304 - "http://localhost:3000/patient/5ec45b56fdaf5c42745ec081" "Mozilla/5.0 (Windows NT 10.0; Win64; x64) AppleWebKit/537.36 (KHTML, like Gecko) Chrome/81.0.4044.138 Safari/537.36"
::1 - - [20/May/2020:00:11:25 +0000] "GET /api/patient/read/5ec45b56fdaf5c42745ec081 HTTP/1.1" 304 - "http://localhost:3000/patient/5ec45b56fdaf5c42745ec081" "Mozilla/5.0 (Windows NT 10.0; Win64; x64) AppleWebKit/537.36 (KHTML, like Gecko) Chrome/81.0.4044.138 Safari/537.36"
::1 - - [20/May/2020:00:11:39 +0000] "GET /api/patient/read/5ec45b56fdaf5c42745ec081 HTTP/1.1" 304 - "http://localhost:3000/patient/5ec45b56fdaf5c42745ec081" "Mozilla/5.0 (Windows NT 10.0; Win64; x64) AppleWebKit/537.36 (KHTML, like Gecko) Chrome/81.0.4044.138 Safari/537.36"
::1 - - [20/May/2020:00:14:28 +0000] "GET /api/patient/read/5ec45b56fdaf5c42745ec081 HTTP/1.1" 304 - "http://localhost:3000/patient/5ec45b56fdaf5c42745ec081" "Mozilla/5.0 (Windows NT 10.0; Win64; x64) AppleWebKit/537.36 (KHTML, like Gecko) Chrome/81.0.4044.138 Safari/537.36"
::1 - - [20/May/2020:00:18:55 +0000] "GET /api/patient/read/5ec45b56fdaf5c42745ec081 HTTP/1.1" 304 - "http://localhost:3000/patient/5ec45b56fdaf5c42745ec081" "Mozilla/5.0 (Windows NT 10.0; Win64; x64) AppleWebKit/537.36 (KHTML, like Gecko) Chrome/81.0.4044.138 Safari/537.36"
::1 - - [20/May/2020:00:19:13 +0000] "GET /api/patient/read/5ec45b56fdaf5c42745ec081 HTTP/1.1" 304 - "http://localhost:3000/patient/5ec45b56fdaf5c42745ec081" "Mozilla/5.0 (Windows NT 10.0; Win64; x64) AppleWebKit/537.36 (KHTML, like Gecko) Chrome/81.0.4044.138 Safari/537.36"
::1 - - [20/May/2020:00:19:50 +0000] "GET /api/patient/read/5ec45b56fdaf5c42745ec081 HTTP/1.1" 304 - "http://localhost:3000/patient/5ec45b56fdaf5c42745ec081" "Mozilla/5.0 (Windows NT 10.0; Win64; x64) AppleWebKit/537.36 (KHTML, like Gecko) Chrome/81.0.4044.138 Safari/537.36"
::1 - - [20/May/2020:00:20:15 +0000] "GET /api/patient/read/5ec45b56fdaf5c42745ec081 HTTP/1.1" 304 - "http://localhost:3000/patient/5ec45b56fdaf5c42745ec081" "Mozilla/5.0 (Windows NT 10.0; Win64; x64) AppleWebKit/537.36 (KHTML, like Gecko) Chrome/81.0.4044.138 Safari/537.36"
::1 - - [20/May/2020:00:22:20 +0000] "GET /api/patient/read/5ec45b56fdaf5c42745ec081 HTTP/1.1" 304 - "http://localhost:3000/patient/5ec45b56fdaf5c42745ec081" "Mozilla/5.0 (Windows NT 10.0; Win64; x64) AppleWebKit/537.36 (KHTML, like Gecko) Chrome/81.0.4044.138 Safari/537.36"
::1 - - [20/May/2020:00:22:34 +0000] "GET /api/patient/read/5ec45b56fdaf5c42745ec081 HTTP/1.1" 304 - "http://localhost:3000/patient/5ec45b56fdaf5c42745ec081" "Mozilla/5.0 (Windows NT 10.0; Win64; x64) AppleWebKit/537.36 (KHTML, like Gecko) Chrome/81.0.4044.138 Safari/537.36"
::1 - - [20/May/2020:00:23:31 +0000] "GET /api/patient/read/5ec45b56fdaf5c42745ec081 HTTP/1.1" 304 - "http://localhost:3000/patient/5ec45b56fdaf5c42745ec081" "Mozilla/5.0 (Windows NT 10.0; Win64; x64) AppleWebKit/537.36 (KHTML, like Gecko) Chrome/81.0.4044.138 Safari/537.36"
::1 - - [20/May/2020:18:03:19 +0000] "POST /api/doctor/create HTTP/1.1" 400 265 "http://localhost:3000/auth/signup/doctor" "Mozilla/5.0 (Windows NT 10.0; Win64; x64) AppleWebKit/537.36 (KHTML, like Gecko) Chrome/81.0.4044.138 Safari/537.36"
::1 - - [20/May/2020:18:06:32 +0000] "POST /api/signin/doctor HTTP/1.1" 200 277 "http://localhost:3000/auth/signin/doctor" "Mozilla/5.0 (Windows NT 10.0; Win64; x64) AppleWebKit/537.36 (KHTML, like Gecko) Chrome/81.0.4044.138 Safari/537.36"
::1 - - [20/May/2020:18:08:19 +0000] "POST /api/signin/doctor HTTP/1.1" 200 277 "http://localhost:3000/auth/signin/doctor" "Mozilla/5.0 (Windows NT 10.0; Win64; x64) AppleWebKit/537.36 (KHTML, like Gecko) Chrome/81.0.4044.138 Safari/537.36"
::1 - - [20/May/2020:18:08:26 +0000] "GET /api/medicine/read_all HTTP/1.1" 304 - "http://localhost:3000/medicine" "Mozilla/5.0 (Windows NT 10.0; Win64; x64) AppleWebKit/537.36 (KHTML, like Gecko) Chrome/81.0.4044.138 Safari/537.36"
::1 - - [20/May/2020:18:08:41 +0000] "GET /api/patient/read_all HTTP/1.1" 304 - "http://localhost:3000/patients" "Mozilla/5.0 (Windows NT 10.0; Win64; x64) AppleWebKit/537.36 (KHTML, like Gecko) Chrome/81.0.4044.138 Safari/537.36"
::1 - - [20/May/2020:18:09:04 +0000] "POST /api/patient/create HTTP/1.1" 400 243 "http://localhost:3000/patients" "Mozilla/5.0 (Windows NT 10.0; Win64; x64) AppleWebKit/537.36 (KHTML, like Gecko) Chrome/81.0.4044.138 Safari/537.36"
::1 - - [20/May/2020:18:09:07 +0000] "POST /api/patient/create HTTP/1.1" 400 243 "http://localhost:3000/patients" "Mozilla/5.0 (Windows NT 10.0; Win64; x64) AppleWebKit/537.36 (KHTML, like Gecko) Chrome/81.0.4044.138 Safari/537.36"
::1 - - [20/May/2020:18:09:11 +0000] "POST /api/patient/create HTTP/1.1" 400 243 "http://localhost:3000/patients" "Mozilla/5.0 (Windows NT 10.0; Win64; x64) AppleWebKit/537.36 (KHTML, like Gecko) Chrome/81.0.4044.138 Safari/537.36"
::1 - - [20/May/2020:18:09:19 +0000] "POST /api/patient/create HTTP/1.1" 400 243 "http://localhost:3000/patients" "Mozilla/5.0 (Windows NT 10.0; Win64; x64) AppleWebKit/537.36 (KHTML, like Gecko) Chrome/81.0.4044.138 Safari/537.36"
::1 - - [20/May/2020:18:09:31 +0000] "POST /api/patient/create HTTP/1.1" 200 295 "http://localhost:3000/patients" "Mozilla/5.0 (Windows NT 10.0; Win64; x64) AppleWebKit/537.36 (KHTML, like Gecko) Chrome/81.0.4044.138 Safari/537.36"
::1 - - [20/May/2020:18:09:31 +0000] "GET /api/patient/read_all HTTP/1.1" 200 2998 "http://localhost:3000/patients" "Mozilla/5.0 (Windows NT 10.0; Win64; x64) AppleWebKit/537.36 (KHTML, like Gecko) Chrome/81.0.4044.138 Safari/537.36"
::1 - - [20/May/2020:18:09:40 +0000] "GET /api/patient/read/5ec45b56fdaf5c42745ec081 HTTP/1.1" 304 - "http://localhost:3000/patient/5ec45b56fdaf5c42745ec081" "Mozilla/5.0 (Windows NT 10.0; Win64; x64) AppleWebKit/537.36 (KHTML, like Gecko) Chrome/81.0.4044.138 Safari/537.36"
::1 - - [20/May/2020:18:10:34 +0000] "GET /api/patient/read_all HTTP/1.1" 304 - "http://localhost:3000/patients" "Mozilla/5.0 (Windows NT 10.0; Win64; x64) AppleWebKit/537.36 (KHTML, like Gecko) Chrome/81.0.4044.138 Safari/537.36"
::1 - - [20/May/2020:18:10:37 +0000] "GET /api/medicine/read_all HTTP/1.1" 304 - "http://localhost:3000/medicine" "Mozilla/5.0 (Windows NT 10.0; Win64; x64) AppleWebKit/537.36 (KHTML, like Gecko) Chrome/81.0.4044.138 Safari/537.36"
::1 - - [20/May/2020:18:10:39 +0000] "GET /api/medicine/read_all HTTP/1.1" 304 - "http://localhost:3000/medicine" "Mozilla/5.0 (Windows NT 10.0; Win64; x64) AppleWebKit/537.36 (KHTML, like Gecko) Chrome/81.0.4044.138 Safari/537.36"
::1 - - [20/May/2020:18:10:52 +0000] "POST /api/medicine/create HTTP/1.1" 200 223 "http://localhost:3000/medicine" "Mozilla/5.0 (Windows NT 10.0; Win64; x64) AppleWebKit/537.36 (KHTML, like Gecko) Chrome/81.0.4044.138 Safari/537.36"
::1 - - [20/May/2020:18:10:52 +0000] "GET /api/medicine/read_all HTTP/1.1" 200 11343 "http://localhost:3000/medicine" "Mozilla/5.0 (Windows NT 10.0; Win64; x64) AppleWebKit/537.36 (KHTML, like Gecko) Chrome/81.0.4044.138 Safari/537.36"
::1 - - [20/May/2020:18:12:42 +0000] "GET /api/patient/read_all HTTP/1.1" 304 - "http://localhost:3000/patients" "Mozilla/5.0 (Windows NT 10.0; Win64; x64) AppleWebKit/537.36 (KHTML, like Gecko) Chrome/81.0.4044.138 Safari/537.36"
::1 - - [20/May/2020:18:13:27 +0000] "POST /api/signin/doctor HTTP/1.1" 200 277 "http://localhost:3000/auth/signin/doctor" "Mozilla/5.0 (Windows NT 10.0; Win64; x64) AppleWebKit/537.36 (KHTML, like Gecko) Chrome/81.0.4044.138 Safari/537.36"
::1 - - [20/May/2020:18:15:29 +0000] "POST /api/signin/patient HTTP/1.1" 401 27 "http://localhost:3000/auth/signin/patient" "Mozilla/5.0 (Windows NT 10.0; Win64; x64) AppleWebKit/537.36 (KHTML, like Gecko) Chrome/81.0.4044.138 Safari/537.36"
::1 - - [20/May/2020:18:17:52 +0000] "GET /api/signin/patient HTTP/1.1" 404 157 "-" "Mozilla/5.0 (Windows NT 10.0; Win64; x64) AppleWebKit/537.36 (KHTML, like Gecko) Chrome/81.0.4044.138 Safari/537.36"
::1 - - [20/May/2020:18:18:06 +0000] "POST /api/signin/patient HTTP/1.1" 401 27 "http://localhost:3000/auth/signin/patient" "Mozilla/5.0 (Windows NT 10.0; Win64; x64) AppleWebKit/537.36 (KHTML, like Gecko) Chrome/81.0.4044.138 Safari/537.36"
::1 - - [20/May/2020:18:18:51 +0000] "GET /api/signin/patient HTTP/1.1" 404 157 "-" "Mozilla/5.0 (Windows NT 10.0; Win64; x64) AppleWebKit/537.36 (KHTML, like Gecko) Chrome/81.0.4044.138 Safari/537.36"
::1 - - [20/May/2020:18:26:07 +0000] "POST /api/signin/doctor HTTP/1.1" 200 277 "http://localhost:3000/auth/signin/doctor" "Mozilla/5.0 (Windows NT 10.0; Win64; x64) AppleWebKit/537.36 (KHTML, like Gecko) Chrome/81.0.4044.138 Safari/537.36"
::1 - - [20/May/2020:18:26:13 +0000] "GET /api/patient/read_all HTTP/1.1" 304 - "http://localhost:3000/patients" "Mozilla/5.0 (Windows NT 10.0; Win64; x64) AppleWebKit/537.36 (KHTML, like Gecko) Chrome/81.0.4044.138 Safari/537.36"
::1 - - [20/May/2020:18:26:14 +0000] "GET /api/patient/read/5ec45b56fdaf5c42745ec081 HTTP/1.1" 304 - "http://localhost:3000/patient/5ec45b56fdaf5c42745ec081" "Mozilla/5.0 (Windows NT 10.0; Win64; x64) AppleWebKit/537.36 (KHTML, like Gecko) Chrome/81.0.4044.138 Safari/537.36"
::1 - - [20/May/2020:18:26:26 +0000] "POST /api/signin/patient HTTP/1.1" 200 278 "http://localhost:3000/auth/signin/patient" "Mozilla/5.0 (Windows NT 10.0; Win64; x64) AppleWebKit/537.36 (KHTML, like Gecko) Chrome/81.0.4044.138 Safari/537.36"
::1 - - [20/May/2020:20:54:40 +0000] "POST /api/signin/doctor HTTP/1.1" 401 27 "http://localhost:3000/auth/signin/doctor" "Mozilla/5.0 (Windows NT 10.0; Win64; x64) AppleWebKit/537.36 (KHTML, like Gecko) Chrome/81.0.4044.138 Safari/537.36"
::1 - - [20/May/2020:20:59:42 +0000] "POST /api/signin/doctor HTTP/1.1" 401 27 "http://localhost:3000/auth/signin/doctor" "Mozilla/5.0 (Windows NT 10.0; Win64; x64) AppleWebKit/537.36 (KHTML, like Gecko) Chrome/81.0.4044.138 Safari/537.36"
::1 - - [20/May/2020:21:00:22 +0000] "POST /api/doctor/create HTTP/1.1" 400 265 "http://localhost:3000/auth/signup/doctor" "Mozilla/5.0 (Windows NT 10.0; Win64; x64) AppleWebKit/537.36 (KHTML, like Gecko) Chrome/81.0.4044.138 Safari/537.36"
::1 - - [20/May/2020:21:01:27 +0000] "POST /api/doctor/create HTTP/1.1" 400 265 "http://localhost:3000/auth/signup/doctor" "Mozilla/5.0 (Windows NT 10.0; Win64; x64) AppleWebKit/537.36 (KHTML, like Gecko) Chrome/81.0.4044.138 Safari/537.36"
::1 - - [20/May/2020:21:01:59 +0000] "POST /api/signin/doctor HTTP/1.1" 401 27 "http://localhost:3000/auth/signin/doctor" "Mozilla/5.0 (Windows NT 10.0; Win64; x64) AppleWebKit/537.36 (KHTML, like Gecko) Chrome/81.0.4044.138 Safari/537.36"
::1 - - [20/May/2020:21:03:09 +0000] "GET /api/patient/read_all HTTP/1.1" 304 - "http://localhost:3000/patients" "Mozilla/5.0 (Windows NT 10.0; Win64; x64) AppleWebKit/537.36 (KHTML, like Gecko) Chrome/81.0.4044.138 Safari/537.36"
::1 - - [20/May/2020:21:03:13 +0000] "GET /api/patient/read/5ec47a79ecc48e3060c39bbd HTTP/1.1" 200 379 "http://localhost:3000/patient/5ec47a79ecc48e3060c39bbd" "Mozilla/5.0 (Windows NT 10.0; Win64; x64) AppleWebKit/537.36 (KHTML, like Gecko) Chrome/81.0.4044.138 Safari/537.36"
::1 - - [20/May/2020:21:04:08 +0000] "GET /api/patient/read_all HTTP/1.1" 200 2 "http://localhost:3000/patients" "Mozilla/5.0 (Windows NT 10.0; Win64; x64) AppleWebKit/537.36 (KHTML, like Gecko) Chrome/81.0.4044.138 Safari/537.36"
::1 - - [20/May/2020:21:04:32 +0000] "POST /api/doctor/create HTTP/1.1" 200 287 "http://localhost:3000/auth/signup/doctor" "Mozilla/5.0 (Windows NT 10.0; Win64; x64) AppleWebKit/537.36 (KHTML, like Gecko) Chrome/81.0.4044.138 Safari/537.36"
::1 - - [20/May/2020:21:08:21 +0000] "POST /api/doctor/create HTTP/1.1" 200 287 "http://localhost:3000/auth/signup/doctor" "Mozilla/5.0 (Windows NT 10.0; Win64; x64) AppleWebKit/537.36 (KHTML, like Gecko) Chrome/81.0.4044.138 Safari/537.36"
::1 - - [20/May/2020:21:08:51 +0000] "POST /api/signin/doctor HTTP/1.1" 200 277 "http://localhost:3000/auth/signin/doctor" "Mozilla/5.0 (Windows NT 10.0; Win64; x64) AppleWebKit/537.36 (KHTML, like Gecko) Chrome/81.0.4044.138 Safari/537.36"
::1 - - [23/May/2020:10:44:17 +0000] "POST /api/signin/doctor HTTP/1.1" 200 277 "http://localhost:3000/auth/signin/doctor" "Mozilla/5.0 (Windows NT 10.0; Win64; x64) AppleWebKit/537.36 (KHTML, like Gecko) Chrome/81.0.4044.138 Safari/537.36"
::1 - - [23/May/2020:10:44:20 +0000] "GET /api/patient/read_all HTTP/1.1" 304 - "http://localhost:3000/patients" "Mozilla/5.0 (Windows NT 10.0; Win64; x64) AppleWebKit/537.36 (KHTML, like Gecko) Chrome/81.0.4044.138 Safari/537.36"
::1 - - [23/May/2020:10:44:22 +0000] "GET /api/patient/read_all HTTP/1.1" 304 - "http://localhost:3000/patients" "Mozilla/5.0 (Windows NT 10.0; Win64; x64) AppleWebKit/537.36 (KHTML, like Gecko) Chrome/81.0.4044.138 Safari/537.36"
::1 - - [23/May/2020:10:44:33 +0000] "GET /api/medicine/read_all HTTP/1.1" 304 - "http://localhost:3000/medicine" "Mozilla/5.0 (Windows NT 10.0; Win64; x64) AppleWebKit/537.36 (KHTML, like Gecko) Chrome/81.0.4044.138 Safari/537.36"
::1 - - [23/May/2020:10:44:37 +0000] "GET /api/patient/read_all HTTP/1.1" 304 - "http://localhost:3000/patients" "Mozilla/5.0 (Windows NT 10.0; Win64; x64) AppleWebKit/537.36 (KHTML, like Gecko) Chrome/81.0.4044.138 Safari/537.36"
::1 - - [23/May/2020:10:44:49 +0000] "GET /api/medicine/read_all HTTP/1.1" 304 - "http://localhost:3000/medicine" "Mozilla/5.0 (Windows NT 10.0; Win64; x64) AppleWebKit/537.36 (KHTML, like Gecko) Chrome/81.0.4044.138 Safari/537.36"
::1 - - [23/May/2020:10:44:52 +0000] "GET /api/medicine/read_all HTTP/1.1" 304 - "http://localhost:3000/medicine" "Mozilla/5.0 (Windows NT 10.0; Win64; x64) AppleWebKit/537.36 (KHTML, like Gecko) Chrome/81.0.4044.138 Safari/537.36"
::1 - - [23/May/2020:10:44:58 +0000] "POST /api/signin/doctor HTTP/1.1" 200 277 "http://localhost:3000/auth/signin/doctor" "Mozilla/5.0 (Windows NT 10.0; Win64; x64) AppleWebKit/537.36 (KHTML, like Gecko) Chrome/81.0.4044.138 Safari/537.36"
::1 - - [23/May/2020:11:05:36 +0000] "GET /api/medicine/read_all HTTP/1.1" 304 - "http://localhost:3000/medicine" "Mozilla/5.0 (Windows NT 10.0; Win64; x64) AppleWebKit/537.36 (KHTML, like Gecko) Chrome/81.0.4044.138 Safari/537.36"
::1 - - [23/May/2020:11:18:36 +0000] "GET /api/patient/read_all HTTP/1.1" 304 - "http://localhost:3000/patients" "Mozilla/5.0 (Windows NT 10.0; Win64; x64) AppleWebKit/537.36 (KHTML, like Gecko) Chrome/81.0.4044.138 Safari/537.36"
::1 - - [09/Sep/2020:07:19:45 +0000] "POST /api/signin/patient HTTP/1.1" 400 32 "http://localhost:3000/auth/signin/patient" "Mozilla/5.0 (X11; Linux x86_64) AppleWebKit/537.36 (KHTML, like Gecko) Chrome/85.0.4183.83 Safari/537.36"
::1 - - [09/Sep/2020:07:20:14 +0000] "POST /api/patient/create HTTP/1.1" 200 305 "http://localhost:3000/auth/signup/patient" "Mozilla/5.0 (X11; Linux x86_64) AppleWebKit/537.36 (KHTML, like Gecko) Chrome/85.0.4183.83 Safari/537.36"
::1 - - [09/Sep/2020:07:20:19 +0000] "POST /api/signin/patient HTTP/1.1" 200 278 "http://localhost:3000/auth/signin/patient" "Mozilla/5.0 (X11; Linux x86_64) AppleWebKit/537.36 (KHTML, like Gecko) Chrome/85.0.4183.83 Safari/537.36"
::1 - - [09/Sep/2020:07:20:22 +0000] "GET /api/medicine/read_all HTTP/1.1" 200 2 "http://localhost:3000/prescriptions" "Mozilla/5.0 (X11; Linux x86_64) AppleWebKit/537.36 (KHTML, like Gecko) Chrome/85.0.4183.83 Safari/537.36"
::1 - - [09/Sep/2020:07:20:23 +0000] "GET /api/patient/read_all HTTP/1.1" 200 381 "http://localhost:3000/patients" "Mozilla/5.0 (X11; Linux x86_64) AppleWebKit/537.36 (KHTML, like Gecko) Chrome/85.0.4183.83 Safari/537.36"
::1 - - [09/Sep/2020:07:20:25 +0000] "GET /api/patient/read_all HTTP/1.1" 304 - "http://localhost:3000/patients" "Mozilla/5.0 (X11; Linux x86_64) AppleWebKit/537.36 (KHTML, like Gecko) Chrome/85.0.4183.83 Safari/537.36"
::1 - - [09/Sep/2020:07:20:26 +0000] "GET /api/medicine/read_all HTTP/1.1" 304 - "http://localhost:3000/prescriptions" "Mozilla/5.0 (X11; Linux x86_64) AppleWebKit/537.36 (KHTML, like Gecko) Chrome/85.0.4183.83 Safari/537.36"
::1 - - [09/Sep/2020:07:20:29 +0000] "GET /api/medicine/read_all HTTP/1.1" 304 - "http://localhost:3000/medicine" "Mozilla/5.0 (X11; Linux x86_64) AppleWebKit/537.36 (KHTML, like Gecko) Chrome/85.0.4183.83 Safari/537.36"
::1 - - [09/Sep/2020:07:20:30 +0000] "GET /api/medicine/read_all HTTP/1.1" 304 - "http://localhost:3000/prescriptions" "Mozilla/5.0 (X11; Linux x86_64) AppleWebKit/537.36 (KHTML, like Gecko) Chrome/85.0.4183.83 Safari/537.36"
::1 - - [09/Sep/2020:07:20:31 +0000] "GET /api/patient/read_all HTTP/1.1" 304 - "http://localhost:3000/patients" "Mozilla/5.0 (X11; Linux x86_64) AppleWebKit/537.36 (KHTML, like Gecko) Chrome/85.0.4183.83 Safari/537.36"
